[1121/181253.813:WARNING:dns_config_service_win.cc(668)] Failed to read DnsConfig.
[1121/204052.199:WARNING:dns_config_service_win.cc(668)] Failed to read DnsConfig.
[1121/212654.649:WARNING:dns_config_service_win.cc(668)] Failed to read DnsConfig.
[1121/212659.659:WARNING:dns_config_service_win.cc(668)] Failed to read DnsConfig.
[1121/212733.820:WARNING:dns_config_service_win.cc(668)] Failed to read DnsConfig.
[1121/212738.857:WARNING:dns_config_service_win.cc(668)] Failed to read DnsConfig.
[1121/213351.987:WARNING:dns_config_service_win.cc(668)] Failed to read DnsConfig.
[1122/203735.258:WARNING:dns_config_service_win.cc(668)] Failed to read DnsConfig.
[1122/215042.160:WARNING:dns_config_service_win.cc(668)] Failed to read DnsConfig.
[1122/220637.796:WARNING:dns_config_service_win.cc(668)] Failed to read DnsConfig.
[1122/232450.476:WARNING:ipc_message_attachment_set.cc(49)] MessageAttachmentSet destroyed with unconsumed attachments: 0/1
[1122/232451.523:ERROR:browser_gpu_channel_host_factory.cc(139)] Failed to launch GPU process.
[1123/114252.620:WARNING:dns_config_service_win.cc(668)] Failed to read DnsConfig.
[1123/120123.331:INFO:CONSOLE(1)] "Long rAF frame-time", source: file:///C:/Program%20Files/Adobe/Adobe%20Photoshop%202020/Required/www-rich-tooltips/build/external.js (1)
[1123/124837.155:ERROR:browser_gpu_channel_host_factory.cc(139)] Failed to launch GPU process.
[1124/090608.802:WARNING:dns_config_service_win.cc(668)] Failed to read DnsConfig.
[1124/090613.847:WARNING:dns_config_service_win.cc(668)] Failed to read DnsConfig.
[1124/090618.871:WARNING:dns_config_service_win.cc(668)] Failed to read DnsConfig.
[1124/090623.882:WARNING:dns_config_service_win.cc(668)] Failed to read DnsConfig.
[1124/090628.898:WARNING:dns_config_service_win.cc(668)] Failed to read DnsConfig.
[1124/090633.912:WARNING:dns_config_service_win.cc(668)] Failed to read DnsConfig.
[1124/090638.925:WARNING:dns_config_service_win.cc(668)] Failed to read DnsConfig.
[1124/090643.945:WARNING:dns_config_service_win.cc(668)] Failed to read DnsConfig.
[1124/090648.968:WARNING:dns_config_service_win.cc(668)] Failed to read DnsConfig.
[1124/090653.974:WARNING:dns_config_service_win.cc(668)] Failed to read DnsConfig.
[1124/090658.995:WARNING:dns_config_service_win.cc(668)] Failed to read DnsConfig.
[1124/090704.007:WARNING:dns_config_service_win.cc(668)] Failed to read DnsConfig.
[1124/090709.028:WARNING:dns_config_service_win.cc(668)] Failed to read DnsConfig.
[1124/090714.041:WARNING:dns_config_service_win.cc(668)] Failed to read DnsConfig.
[1124/090719.059:WARNING:dns_config_service_win.cc(668)] Failed to read DnsConfig.
[1124/090724.080:WARNING:dns_config_service_win.cc(668)] Failed to read DnsConfig.
[1124/090729.091:WARNING:dns_config_service_win.cc(668)] Failed to read DnsConfig.
[1124/090734.113:WARNING:dns_config_service_win.cc(668)] Failed to read DnsConfig.
[1124/090739.129:WARNING:dns_config_service_win.cc(668)] Failed to read DnsConfig.
[1124/090744.140:WARNING:dns_config_service_win.cc(668)] Failed to read DnsConfig.
[1124/090749.153:WARNING:dns_config_service_win.cc(668)] Failed to read DnsConfig.
[1124/090754.174:WARNING:dns_config_service_win.cc(668)] Failed to read DnsConfig.
[1124/090759.195:WARNING:dns_config_service_win.cc(668)] Failed to read DnsConfig.
[1124/090804.215:WARNING:dns_config_service_win.cc(668)] Failed to read DnsConfig.
[1124/090809.227:WARNING:dns_config_service_win.cc(668)] Failed to read DnsConfig.
[1124/090814.247:WARNING:dns_config_service_win.cc(668)] Failed to read DnsConfig.
[1124/090819.265:WARNING:dns_config_service_win.cc(668)] Failed to read DnsConfig.
[1124/090824.281:WARNING:dns_config_service_win.cc(668)] Failed to read DnsConfig.
[1124/090829.295:WARNING:dns_config_service_win.cc(668)] Failed to read DnsConfig.
[1124/090834.315:WARNING:dns_config_service_win.cc(668)] Failed to read DnsConfig.
[1124/090839.335:WARNING:dns_config_service_win.cc(668)] Failed to read DnsConfig.
[1124/090844.356:WARNING:dns_config_service_win.cc(668)] Failed to read DnsConfig.
[1124/090849.376:WARNING:dns_config_service_win.cc(668)] Failed to read DnsConfig.
[1124/090854.396:WARNING:dns_config_service_win.cc(668)] Failed to read DnsConfig.
[1124/090859.414:WARNING:dns_config_service_win.cc(668)] Failed to read DnsConfig.
[1124/090904.425:WARNING:dns_config_service_win.cc(668)] Failed to read DnsConfig.
[1124/090909.447:WARNING:dns_config_service_win.cc(668)] Failed to read DnsConfig.
[1124/090914.468:WARNING:dns_config_service_win.cc(668)] Failed to read DnsConfig.
[1124/090919.489:WARNING:dns_config_service_win.cc(668)] Failed to read DnsConfig.
[1124/090924.509:WARNING:dns_config_service_win.cc(668)] Failed to read DnsConfig.
[1124/090929.527:WARNING:dns_config_service_win.cc(668)] Failed to read DnsConfig.
[1124/090934.531:WARNING:dns_config_service_win.cc(668)] Failed to read DnsConfig.
[1124/090939.551:WARNING:dns_config_service_win.cc(668)] Failed to read DnsConfig.
[1124/090944.573:WARNING:dns_config_service_win.cc(668)] Failed to read DnsConfig.
[1124/090949.594:WARNING:dns_config_service_win.cc(668)] Failed to read DnsConfig.
[1124/090954.615:WARNING:dns_config_service_win.cc(668)] Failed to read DnsConfig.
[1124/090959.631:WARNING:dns_config_service_win.cc(668)] Failed to read DnsConfig.
[1124/091004.649:WARNING:dns_config_service_win.cc(668)] Failed to read DnsConfig.
[1124/091009.670:WARNING:dns_config_service_win.cc(668)] Failed to read DnsConfig.
[1124/091014.691:WARNING:dns_config_service_win.cc(668)] Failed to read DnsConfig.
[1124/091019.711:WARNING:dns_config_service_win.cc(668)] Failed to read DnsConfig.
[1124/091024.731:WARNING:dns_config_service_win.cc(668)] Failed to read DnsConfig.
[1124/091029.751:WARNING:dns_config_service_win.cc(668)] Failed to read DnsConfig.
[1124/091034.772:WARNING:dns_config_service_win.cc(668)] Failed to read DnsConfig.
[1124/091039.792:WARNING:dns_config_service_win.cc(668)] Failed to read DnsConfig.
[1124/091044.815:WARNING:dns_config_service_win.cc(668)] Failed to read DnsConfig.
[1124/091049.836:WARNING:dns_config_service_win.cc(668)] Failed to read DnsConfig.
[1124/091054.847:WARNING:dns_config_service_win.cc(668)] Failed to read DnsConfig.
[1124/091059.859:WARNING:dns_config_service_win.cc(668)] Failed to read DnsConfig.
[1124/091104.868:WARNING:dns_config_service_win.cc(668)] Failed to read DnsConfig.
[1124/091109.884:WARNING:dns_config_service_win.cc(668)] Failed to read DnsConfig.
[1124/091114.902:WARNING:dns_config_service_win.cc(668)] Failed to read DnsConfig.
[1124/091119.917:WARNING:dns_config_service_win.cc(668)] Failed to read DnsConfig.
[1124/091124.938:WARNING:dns_config_service_win.cc(668)] Failed to read DnsConfig.
[1124/091129.958:WARNING:dns_config_service_win.cc(668)] Failed to read DnsConfig.
[1124/091134.978:WARNING:dns_config_service_win.cc(668)] Failed to read DnsConfig.
[1124/091139.983:WARNING:dns_config_service_win.cc(668)] Failed to read DnsConfig.
[1124/091145.003:WARNING:dns_config_service_win.cc(668)] Failed to read DnsConfig.
[1124/091150.028:WARNING:dns_config_service_win.cc(668)] Failed to read DnsConfig.
[1124/091155.033:WARNING:dns_config_service_win.cc(668)] Failed to read DnsConfig.
[1124/091200.053:WARNING:dns_config_service_win.cc(668)] Failed to read DnsConfig.
[1124/091205.073:WARNING:dns_config_service_win.cc(668)] Failed to read DnsConfig.
[1124/091210.093:WARNING:dns_config_service_win.cc(668)] Failed to read DnsConfig.
[1124/091215.113:WARNING:dns_config_service_win.cc(668)] Failed to read DnsConfig.
[1124/091220.134:WARNING:dns_config_service_win.cc(668)] Failed to read DnsConfig.
[1124/091225.155:WARNING:dns_config_service_win.cc(668)] Failed to read DnsConfig.
[1124/091230.175:WARNING:dns_config_service_win.cc(668)] Failed to read DnsConfig.
[1124/091235.195:WARNING:dns_config_service_win.cc(668)] Failed to read DnsConfig.
[1124/091240.216:WARNING:dns_config_service_win.cc(668)] Failed to read DnsConfig.
[1124/091245.230:WARNING:dns_config_service_win.cc(668)] Failed to read DnsConfig.
[1124/091250.250:WARNING:dns_config_service_win.cc(668)] Failed to read DnsConfig.
[1124/091255.270:WARNING:dns_config_service_win.cc(668)] Failed to read DnsConfig.
[1124/091300.291:WARNING:dns_config_service_win.cc(668)] Failed to read DnsConfig.
[1124/091305.311:WARNING:dns_config_service_win.cc(668)] Failed to read DnsConfig.
[1124/091310.331:WARNING:dns_config_service_win.cc(668)] Failed to read DnsConfig.
[1124/091315.352:WARNING:dns_config_service_win.cc(668)] Failed to read DnsConfig.
[1124/091320.372:WARNING:dns_config_service_win.cc(668)] Failed to read DnsConfig.
[1124/091325.392:WARNING:dns_config_service_win.cc(668)] Failed to read DnsConfig.
[1124/091330.412:WARNING:dns_config_service_win.cc(668)] Failed to read DnsConfig.
[1124/091335.433:WARNING:dns_config_service_win.cc(668)] Failed to read DnsConfig.
[1124/091340.453:WARNING:dns_config_service_win.cc(668)] Failed to read DnsConfig.
[1124/091345.475:WARNING:dns_config_service_win.cc(668)] Failed to read DnsConfig.
[1124/091350.491:WARNING:dns_config_service_win.cc(668)] Failed to read DnsConfig.
[1124/091355.513:WARNING:dns_config_service_win.cc(668)] Failed to read DnsConfig.
[1126/193941.971:WARNING:dns_config_service_win.cc(668)] Failed to read DnsConfig.
[1126/194011.902:WARNING:dns_config_service_win.cc(668)] Failed to read DnsConfig.
[1126/194016.911:WARNING:dns_config_service_win.cc(668)] Failed to read DnsConfig.
[1126/194021.928:WARNING:dns_config_service_win.cc(668)] Failed to read DnsConfig.
[1126/194026.945:WARNING:dns_config_service_win.cc(668)] Failed to read DnsConfig.
[1126/194031.974:WARNING:dns_config_service_win.cc(668)] Failed to read DnsConfig.
[1126/194036.992:WARNING:dns_config_service_win.cc(668)] Failed to read DnsConfig.
[1126/205004.110:WARNING:dns_config_service_win.cc(668)] Failed to read DnsConfig.
[1126/205009.145:WARNING:dns_config_service_win.cc(668)] Failed to read DnsConfig.
[1126/205014.158:WARNING:dns_config_service_win.cc(668)] Failed to read DnsConfig.
[1126/205019.174:WARNING:dns_config_service_win.cc(668)] Failed to read DnsConfig.
[1126/205024.203:WARNING:dns_config_service_win.cc(668)] Failed to read DnsConfig.
[1126/205029.220:WARNING:dns_config_service_win.cc(668)] Failed to read DnsConfig.
[1126/205034.237:WARNING:dns_config_service_win.cc(668)] Failed to read DnsConfig.
[1126/205039.249:WARNING:dns_config_service_win.cc(668)] Failed to read DnsConfig.
[1126/205044.254:WARNING:dns_config_service_win.cc(668)] Failed to read DnsConfig.
[1126/205049.268:WARNING:dns_config_service_win.cc(668)] Failed to read DnsConfig.
[1126/205054.283:WARNING:dns_config_service_win.cc(668)] Failed to read DnsConfig.
[1126/205059.298:WARNING:dns_config_service_win.cc(668)] Failed to read DnsConfig.
[1126/205104.312:WARNING:dns_config_service_win.cc(668)] Failed to read DnsConfig.
[1126/205109.348:WARNING:dns_config_service_win.cc(668)] Failed to read DnsConfig.
[1126/205114.364:WARNING:dns_config_service_win.cc(668)] Failed to read DnsConfig.
[1126/205119.381:WARNING:dns_config_service_win.cc(668)] Failed to read DnsConfig.
[1126/205124.401:WARNING:dns_config_service_win.cc(668)] Failed to read DnsConfig.
[1126/205129.417:WARNING:dns_config_service_win.cc(668)] Failed to read DnsConfig.
[1126/205134.435:WARNING:dns_config_service_win.cc(668)] Failed to read DnsConfig.
[1126/205139.447:WARNING:dns_config_service_win.cc(668)] Failed to read DnsConfig.
[1126/205144.465:WARNING:dns_config_service_win.cc(668)] Failed to read DnsConfig.
[1126/205149.476:WARNING:dns_config_service_win.cc(668)] Failed to read DnsConfig.
[1126/205154.491:WARNING:dns_config_service_win.cc(668)] Failed to read DnsConfig.
[1126/205159.520:WARNING:dns_config_service_win.cc(668)] Failed to read DnsConfig.
[1126/205204.530:WARNING:dns_config_service_win.cc(668)] Failed to read DnsConfig.
[1126/205209.547:WARNING:dns_config_service_win.cc(668)] Failed to read DnsConfig.
[1126/205214.562:WARNING:dns_config_service_win.cc(668)] Failed to read DnsConfig.
[1126/205219.584:WARNING:dns_config_service_win.cc(668)] Failed to read DnsConfig.
[1126/205224.611:WARNING:dns_config_service_win.cc(668)] Failed to read DnsConfig.
[1126/205229.645:WARNING:dns_config_service_win.cc(668)] Failed to read DnsConfig.
[1126/205234.661:WARNING:dns_config_service_win.cc(668)] Failed to read DnsConfig.
[1126/205239.664:WARNING:dns_config_service_win.cc(668)] Failed to read DnsConfig.
[1126/205244.689:WARNING:dns_config_service_win.cc(668)] Failed to read DnsConfig.
[1126/205249.706:WARNING:dns_config_service_win.cc(668)] Failed to read DnsConfig.
[1126/205254.740:WARNING:dns_config_service_win.cc(668)] Failed to read DnsConfig.
[1126/205259.763:WARNING:dns_config_service_win.cc(668)] Failed to read DnsConfig.
[1126/205304.783:WARNING:dns_config_service_win.cc(668)] Failed to read DnsConfig.
[1126/205309.805:WARNING:dns_config_service_win.cc(668)] Failed to read DnsConfig.
[1126/205314.815:WARNING:dns_config_service_win.cc(668)] Failed to read DnsConfig.
[1126/205319.833:WARNING:dns_config_service_win.cc(668)] Failed to read DnsConfig.
[1126/205324.854:WARNING:dns_config_service_win.cc(668)] Failed to read DnsConfig.
[1126/205329.872:WARNING:dns_config_service_win.cc(668)] Failed to read DnsConfig.
[1126/205334.898:WARNING:dns_config_service_win.cc(668)] Failed to read DnsConfig.
[1126/205339.925:WARNING:dns_config_service_win.cc(668)] Failed to read DnsConfig.
[1126/205344.940:WARNING:dns_config_service_win.cc(668)] Failed to read DnsConfig.
[1126/205349.942:WARNING:dns_config_service_win.cc(668)] Failed to read DnsConfig.
[1126/205354.967:WARNING:dns_config_service_win.cc(668)] Failed to read DnsConfig.
[1126/205359.990:WARNING:dns_config_service_win.cc(668)] Failed to read DnsConfig.
[1126/205404.997:WARNING:dns_config_service_win.cc(668)] Failed to read DnsConfig.
[1126/205410.020:WARNING:dns_config_service_win.cc(668)] Failed to read DnsConfig.
[1126/205415.045:WARNING:dns_config_service_win.cc(668)] Failed to read DnsConfig.
[1126/205420.059:WARNING:dns_config_service_win.cc(668)] Failed to read DnsConfig.
[1126/205425.084:WARNING:dns_config_service_win.cc(668)] Failed to read DnsConfig.
[1126/205430.098:WARNING:dns_config_service_win.cc(668)] Failed to read DnsConfig.
[1126/205435.120:WARNING:dns_config_service_win.cc(668)] Failed to read DnsConfig.
[1126/205440.137:WARNING:dns_config_service_win.cc(668)] Failed to read DnsConfig.
[1126/205445.148:WARNING:dns_config_service_win.cc(668)] Failed to read DnsConfig.
[1126/205450.166:WARNING:dns_config_service_win.cc(668)] Failed to read DnsConfig.
[1126/205455.191:WARNING:dns_config_service_win.cc(668)] Failed to read DnsConfig.
[1126/205500.200:WARNING:dns_config_service_win.cc(668)] Failed to read DnsConfig.
[1126/205505.211:WARNING:dns_config_service_win.cc(668)] Failed to read DnsConfig.
[1126/205510.249:WARNING:dns_config_service_win.cc(668)] Failed to read DnsConfig.
[1126/205515.266:WARNING:dns_config_service_win.cc(668)] Failed to read DnsConfig.
[1126/205520.279:WARNING:dns_config_service_win.cc(668)] Failed to read DnsConfig.
[1126/205525.300:WARNING:dns_config_service_win.cc(668)] Failed to read DnsConfig.
[1126/205530.315:WARNING:dns_config_service_win.cc(668)] Failed to read DnsConfig.
[1126/205535.333:WARNING:dns_config_service_win.cc(668)] Failed to read DnsConfig.
[1126/205540.352:WARNING:dns_config_service_win.cc(668)] Failed to read DnsConfig.
[1126/205545.367:WARNING:dns_config_service_win.cc(668)] Failed to read DnsConfig.
[1126/205550.379:WARNING:dns_config_service_win.cc(668)] Failed to read DnsConfig.
[1126/205555.407:WARNING:dns_config_service_win.cc(668)] Failed to read DnsConfig.
[1126/205600.420:WARNING:dns_config_service_win.cc(668)] Failed to read DnsConfig.
[1126/205605.431:WARNING:dns_config_service_win.cc(668)] Failed to read DnsConfig.
[1126/205610.463:WARNING:dns_config_service_win.cc(668)] Failed to read DnsConfig.
[1126/205615.478:WARNING:dns_config_service_win.cc(668)] Failed to read DnsConfig.
[1126/205620.492:WARNING:dns_config_service_win.cc(668)] Failed to read DnsConfig.
[1126/205625.511:WARNING:dns_config_service_win.cc(668)] Failed to read DnsConfig.
[1126/205630.524:WARNING:dns_config_service_win.cc(668)] Failed to read DnsConfig.
[1126/205635.547:WARNING:dns_config_service_win.cc(668)] Failed to read DnsConfig.
[1126/205640.562:WARNING:dns_config_service_win.cc(668)] Failed to read DnsConfig.
[1126/205645.588:WARNING:dns_config_service_win.cc(668)] Failed to read DnsConfig.
[1126/205650.603:WARNING:dns_config_service_win.cc(668)] Failed to read DnsConfig.
[1126/205655.618:WARNING:dns_config_service_win.cc(668)] Failed to read DnsConfig.
[1126/205700.636:WARNING:dns_config_service_win.cc(668)] Failed to read DnsConfig.
[1126/205705.649:WARNING:dns_config_service_win.cc(668)] Failed to read DnsConfig.
[1126/205710.667:WARNING:dns_config_service_win.cc(668)] Failed to read DnsConfig.
[1126/205715.684:WARNING:dns_config_service_win.cc(668)] Failed to read DnsConfig.
[1126/205720.704:WARNING:dns_config_service_win.cc(668)] Failed to read DnsConfig.
[1126/205725.721:WARNING:dns_config_service_win.cc(668)] Failed to read DnsConfig.
[1126/205730.742:WARNING:dns_config_service_win.cc(668)] Failed to read DnsConfig.
[1126/205735.762:WARNING:dns_config_service_win.cc(668)] Failed to read DnsConfig.
[1126/205740.773:WARNING:dns_config_service_win.cc(668)] Failed to read DnsConfig.
[1126/205745.790:WARNING:dns_config_service_win.cc(668)] Failed to read DnsConfig.
[1126/205750.808:WARNING:dns_config_service_win.cc(668)] Failed to read DnsConfig.
[1126/205755.825:WARNING:dns_config_service_win.cc(668)] Failed to read DnsConfig.
[1126/205800.839:WARNING:dns_config_service_win.cc(668)] Failed to read DnsConfig.
[1126/205805.856:WARNING:dns_config_service_win.cc(668)] Failed to read DnsConfig.
[1126/205810.872:WARNING:dns_config_service_win.cc(668)] Failed to read DnsConfig.
[1126/205815.887:WARNING:dns_config_service_win.cc(668)] Failed to read DnsConfig.
[1126/205820.905:WARNING:dns_config_service_win.cc(668)] Failed to read DnsConfig.
[1126/205825.919:WARNING:dns_config_service_win.cc(668)] Failed to read DnsConfig.
[1126/205830.937:WARNING:dns_config_service_win.cc(668)] Failed to read DnsConfig.
[1126/205835.951:WARNING:dns_config_service_win.cc(668)] Failed to read DnsConfig.
[1126/205840.966:WARNING:dns_config_service_win.cc(668)] Failed to read DnsConfig.
[1126/205845.986:WARNING:dns_config_service_win.cc(668)] Failed to read DnsConfig.
[1126/205850.997:WARNING:dns_config_service_win.cc(668)] Failed to read DnsConfig.
[1126/205856.014:WARNING:dns_config_service_win.cc(668)] Failed to read DnsConfig.
[1126/205901.031:WARNING:dns_config_service_win.cc(668)] Failed to read DnsConfig.
[1126/205906.063:WARNING:dns_config_service_win.cc(668)] Failed to read DnsConfig.
[1126/205911.086:WARNING:dns_config_service_win.cc(668)] Failed to read DnsConfig.
[1126/205916.109:WARNING:dns_config_service_win.cc(668)] Failed to read DnsConfig.
[1126/205921.113:WARNING:dns_config_service_win.cc(668)] Failed to read DnsConfig.
[1126/205926.140:WARNING:dns_config_service_win.cc(668)] Failed to read DnsConfig.
[1126/205931.159:WARNING:dns_config_service_win.cc(668)] Failed to read DnsConfig.
[1126/205936.164:WARNING:dns_config_service_win.cc(668)] Failed to read DnsConfig.
[1126/205941.180:WARNING:dns_config_service_win.cc(668)] Failed to read DnsConfig.
[1126/205946.202:WARNING:dns_config_service_win.cc(668)] Failed to read DnsConfig.
[1126/205951.226:WARNING:dns_config_service_win.cc(668)] Failed to read DnsConfig.
[1126/205956.239:WARNING:dns_config_service_win.cc(668)] Failed to read DnsConfig.
[1126/210001.249:WARNING:dns_config_service_win.cc(668)] Failed to read DnsConfig.
[1127/180843.866:INFO:CONSOLE(1)] "Long rAF frame-time", source: file:///C:/Program%20Files/Adobe/Adobe%20Photoshop%202020/Required/www-rich-tooltips/build/external.js (1)
[1127/180844.392:WARNING:angle_platform_impl.cc(52)] compileToBinary(230): 
C:\fakepath(69,8-58): warning X3571: pow(f, e) will not work for negative f, use abs(f) or conditionally handle negative values if you expect them
C:\fakepath(77,9-43): warning X3571: pow(f, e) will not work for negative f, use abs(f) or conditionally handle negative values if you expect them

[1127/200842.815:WARNING:dns_config_service_win.cc(668)] Failed to read DnsConfig.
[1127/200847.836:WARNING:dns_config_service_win.cc(668)] Failed to read DnsConfig.
[1127/200852.866:WARNING:dns_config_service_win.cc(668)] Failed to read DnsConfig.
[1127/200857.887:WARNING:dns_config_service_win.cc(668)] Failed to read DnsConfig.
[1127/200902.905:WARNING:dns_config_service_win.cc(668)] Failed to read DnsConfig.
[1127/200907.911:WARNING:dns_config_service_win.cc(668)] Failed to read DnsConfig.
[1127/200912.937:WARNING:dns_config_service_win.cc(668)] Failed to read DnsConfig.
[1127/200917.949:WARNING:dns_config_service_win.cc(668)] Failed to read DnsConfig.
[1127/200922.977:WARNING:dns_config_service_win.cc(668)] Failed to read DnsConfig.
[1127/200927.994:WARNING:dns_config_service_win.cc(668)] Failed to read DnsConfig.
[1127/200933.006:WARNING:dns_config_service_win.cc(668)] Failed to read DnsConfig.
[1127/200938.027:WARNING:dns_config_service_win.cc(668)] Failed to read DnsConfig.
[1127/200943.052:WARNING:dns_config_service_win.cc(668)] Failed to read DnsConfig.
[1127/202131.952:WARNING:dns_config_service_win.cc(668)] Failed to read DnsConfig.
[1128/205627.472:WARNING:dns_config_service_win.cc(668)] Failed to read DnsConfig.
[1128/205627.976:WARNING:dns_config_service_win.cc(668)] Failed to read DnsConfig.
[1128/205628.026:WARNING:dns_config_service_win.cc(668)] Failed to read DnsConfig.
[1128/205628.066:WARNING:dns_config_service_win.cc(668)] Failed to read DnsConfig.
[1128/205628.076:WARNING:dns_config_service_win.cc(668)] Failed to read DnsConfig.
