[1202/192006.827:WARNING:dns_config_service_win.cc(668)] Failed to read DnsConfig.
[1202/192059.324:WARNING:dns_config_service_win.cc(668)] Failed to read DnsConfig.
[1202/195525.168:WARNING:dns_config_service_win.cc(668)] Failed to read DnsConfig.
[1202/195530.190:WARNING:dns_config_service_win.cc(668)] Failed to read DnsConfig.
[1202/200029.784:WARNING:dns_config_service_win.cc(668)] Failed to read DnsConfig.
[1202/204549.679:WARNING:dns_config_service_win.cc(668)] Failed to read DnsConfig.
[1202/210312.253:WARNING:dns_config_service_win.cc(668)] Failed to read DnsConfig.
[1202/210317.269:WARNING:dns_config_service_win.cc(668)] Failed to read DnsConfig.
[1202/210322.288:WARNING:dns_config_service_win.cc(668)] Failed to read DnsConfig.
[1202/210327.310:WARNING:dns_config_service_win.cc(668)] Failed to read DnsConfig.
[1202/210332.325:WARNING:dns_config_service_win.cc(668)] Failed to read DnsConfig.
[1202/210337.343:WARNING:dns_config_service_win.cc(668)] Failed to read DnsConfig.
[1202/210342.363:WARNING:dns_config_service_win.cc(668)] Failed to read DnsConfig.
[1202/210347.377:WARNING:dns_config_service_win.cc(668)] Failed to read DnsConfig.
[1202/210352.399:WARNING:dns_config_service_win.cc(668)] Failed to read DnsConfig.
[1202/210357.421:WARNING:dns_config_service_win.cc(668)] Failed to read DnsConfig.
[1202/210402.442:WARNING:dns_config_service_win.cc(668)] Failed to read DnsConfig.
[1202/210407.460:WARNING:dns_config_service_win.cc(668)] Failed to read DnsConfig.
[1202/210412.481:WARNING:dns_config_service_win.cc(668)] Failed to read DnsConfig.
[1202/210417.502:WARNING:dns_config_service_win.cc(668)] Failed to read DnsConfig.
[1202/210422.521:WARNING:dns_config_service_win.cc(668)] Failed to read DnsConfig.
[1202/210427.542:WARNING:dns_config_service_win.cc(668)] Failed to read DnsConfig.
[1202/210432.559:WARNING:dns_config_service_win.cc(668)] Failed to read DnsConfig.
[1202/210437.578:WARNING:dns_config_service_win.cc(668)] Failed to read DnsConfig.
[1202/210442.600:WARNING:dns_config_service_win.cc(668)] Failed to read DnsConfig.
[1202/210447.620:WARNING:dns_config_service_win.cc(668)] Failed to read DnsConfig.
[1202/210452.641:WARNING:dns_config_service_win.cc(668)] Failed to read DnsConfig.
[1202/210457.656:WARNING:dns_config_service_win.cc(668)] Failed to read DnsConfig.
[1202/210502.674:WARNING:dns_config_service_win.cc(668)] Failed to read DnsConfig.
[1202/210507.695:WARNING:dns_config_service_win.cc(668)] Failed to read DnsConfig.
[1202/210512.715:WARNING:dns_config_service_win.cc(668)] Failed to read DnsConfig.
[1202/210517.736:WARNING:dns_config_service_win.cc(668)] Failed to read DnsConfig.
[1202/210522.752:WARNING:dns_config_service_win.cc(668)] Failed to read DnsConfig.
[1202/210527.774:WARNING:dns_config_service_win.cc(668)] Failed to read DnsConfig.
[1202/210532.794:WARNING:dns_config_service_win.cc(668)] Failed to read DnsConfig.
[1202/210537.813:WARNING:dns_config_service_win.cc(668)] Failed to read DnsConfig.
[1202/210542.831:WARNING:dns_config_service_win.cc(668)] Failed to read DnsConfig.
[1202/210547.852:WARNING:dns_config_service_win.cc(668)] Failed to read DnsConfig.
[1202/210552.871:WARNING:dns_config_service_win.cc(668)] Failed to read DnsConfig.
[1202/210557.889:WARNING:dns_config_service_win.cc(668)] Failed to read DnsConfig.
[1202/210602.911:WARNING:dns_config_service_win.cc(668)] Failed to read DnsConfig.
[1202/210607.933:WARNING:dns_config_service_win.cc(668)] Failed to read DnsConfig.
[1202/210612.954:WARNING:dns_config_service_win.cc(668)] Failed to read DnsConfig.
[1202/210617.971:WARNING:dns_config_service_win.cc(668)] Failed to read DnsConfig.
[1202/210622.993:WARNING:dns_config_service_win.cc(668)] Failed to read DnsConfig.
[1202/210628.006:WARNING:dns_config_service_win.cc(668)] Failed to read DnsConfig.
[1202/210633.040:WARNING:dns_config_service_win.cc(668)] Failed to read DnsConfig.
[1202/210638.055:WARNING:dns_config_service_win.cc(668)] Failed to read DnsConfig.
[1202/210643.070:WARNING:dns_config_service_win.cc(668)] Failed to read DnsConfig.
[1202/210648.092:WARNING:dns_config_service_win.cc(668)] Failed to read DnsConfig.
[1202/210653.111:WARNING:dns_config_service_win.cc(668)] Failed to read DnsConfig.
[1202/210658.133:WARNING:dns_config_service_win.cc(668)] Failed to read DnsConfig.
[1202/210703.150:WARNING:dns_config_service_win.cc(668)] Failed to read DnsConfig.
[1202/210708.169:WARNING:dns_config_service_win.cc(668)] Failed to read DnsConfig.
[1202/210713.186:WARNING:dns_config_service_win.cc(668)] Failed to read DnsConfig.
[1202/210718.206:WARNING:dns_config_service_win.cc(668)] Failed to read DnsConfig.
[1202/210723.224:WARNING:dns_config_service_win.cc(668)] Failed to read DnsConfig.
[1202/210728.244:WARNING:dns_config_service_win.cc(668)] Failed to read DnsConfig.
[1202/210733.262:WARNING:dns_config_service_win.cc(668)] Failed to read DnsConfig.
[1202/210738.283:WARNING:dns_config_service_win.cc(668)] Failed to read DnsConfig.
[1202/210743.304:WARNING:dns_config_service_win.cc(668)] Failed to read DnsConfig.
[1202/210748.326:WARNING:dns_config_service_win.cc(668)] Failed to read DnsConfig.
[1202/210753.346:WARNING:dns_config_service_win.cc(668)] Failed to read DnsConfig.
[1202/210758.366:WARNING:dns_config_service_win.cc(668)] Failed to read DnsConfig.
[1202/210803.385:WARNING:dns_config_service_win.cc(668)] Failed to read DnsConfig.
[1202/210808.404:WARNING:dns_config_service_win.cc(668)] Failed to read DnsConfig.
[1202/210813.423:WARNING:dns_config_service_win.cc(668)] Failed to read DnsConfig.
[1202/210818.444:WARNING:dns_config_service_win.cc(668)] Failed to read DnsConfig.
[1202/210823.460:WARNING:dns_config_service_win.cc(668)] Failed to read DnsConfig.
[1202/210828.477:WARNING:dns_config_service_win.cc(668)] Failed to read DnsConfig.
[1202/210833.493:WARNING:dns_config_service_win.cc(668)] Failed to read DnsConfig.
[1202/210838.514:WARNING:dns_config_service_win.cc(668)] Failed to read DnsConfig.
[1202/210843.534:WARNING:dns_config_service_win.cc(668)] Failed to read DnsConfig.
[1202/210848.553:WARNING:dns_config_service_win.cc(668)] Failed to read DnsConfig.
[1202/210853.569:WARNING:dns_config_service_win.cc(668)] Failed to read DnsConfig.
[1202/210858.586:WARNING:dns_config_service_win.cc(668)] Failed to read DnsConfig.
[1202/210903.607:WARNING:dns_config_service_win.cc(668)] Failed to read DnsConfig.
[1202/210908.625:WARNING:dns_config_service_win.cc(668)] Failed to read DnsConfig.
[1202/210913.646:WARNING:dns_config_service_win.cc(668)] Failed to read DnsConfig.
[1202/210918.668:WARNING:dns_config_service_win.cc(668)] Failed to read DnsConfig.
[1202/210923.686:WARNING:dns_config_service_win.cc(668)] Failed to read DnsConfig.
[1202/210928.702:WARNING:dns_config_service_win.cc(668)] Failed to read DnsConfig.
[1202/210933.724:WARNING:dns_config_service_win.cc(668)] Failed to read DnsConfig.
[1202/210938.749:WARNING:dns_config_service_win.cc(668)] Failed to read DnsConfig.
[1202/210943.763:WARNING:dns_config_service_win.cc(668)] Failed to read DnsConfig.
[1202/210948.782:WARNING:dns_config_service_win.cc(668)] Failed to read DnsConfig.
[1202/210953.793:WARNING:dns_config_service_win.cc(668)] Failed to read DnsConfig.
[1202/210958.808:WARNING:dns_config_service_win.cc(668)] Failed to read DnsConfig.
[1202/211003.824:WARNING:dns_config_service_win.cc(668)] Failed to read DnsConfig.
[1202/211008.837:WARNING:dns_config_service_win.cc(668)] Failed to read DnsConfig.
[1202/211013.865:WARNING:dns_config_service_win.cc(668)] Failed to read DnsConfig.
[1202/211018.878:WARNING:dns_config_service_win.cc(668)] Failed to read DnsConfig.
[1202/211023.886:WARNING:dns_config_service_win.cc(668)] Failed to read DnsConfig.
[1202/211028.898:WARNING:dns_config_service_win.cc(668)] Failed to read DnsConfig.
[1202/211033.926:WARNING:dns_config_service_win.cc(668)] Failed to read DnsConfig.
[1202/211038.945:WARNING:dns_config_service_win.cc(668)] Failed to read DnsConfig.
[1202/211043.954:WARNING:dns_config_service_win.cc(668)] Failed to read DnsConfig.
[1202/211048.970:WARNING:dns_config_service_win.cc(668)] Failed to read DnsConfig.
[1202/211053.994:WARNING:dns_config_service_win.cc(668)] Failed to read DnsConfig.
[1202/211059.007:WARNING:dns_config_service_win.cc(668)] Failed to read DnsConfig.
[1202/211104.016:WARNING:dns_config_service_win.cc(668)] Failed to read DnsConfig.
[1202/211109.041:WARNING:dns_config_service_win.cc(668)] Failed to read DnsConfig.
[1202/211114.061:WARNING:dns_config_service_win.cc(668)] Failed to read DnsConfig.
[1202/211119.087:WARNING:dns_config_service_win.cc(668)] Failed to read DnsConfig.
[1202/211124.098:WARNING:dns_config_service_win.cc(668)] Failed to read DnsConfig.
[1202/211129.113:WARNING:dns_config_service_win.cc(668)] Failed to read DnsConfig.
[1202/211134.134:WARNING:dns_config_service_win.cc(668)] Failed to read DnsConfig.
[1202/211139.145:WARNING:dns_config_service_win.cc(668)] Failed to read DnsConfig.
[1202/211144.158:WARNING:dns_config_service_win.cc(668)] Failed to read DnsConfig.
[1202/211149.176:WARNING:dns_config_service_win.cc(668)] Failed to read DnsConfig.
[1202/211154.195:WARNING:dns_config_service_win.cc(668)] Failed to read DnsConfig.
[1202/211159.219:WARNING:dns_config_service_win.cc(668)] Failed to read DnsConfig.
[1202/211204.229:WARNING:dns_config_service_win.cc(668)] Failed to read DnsConfig.
[1202/211209.241:WARNING:dns_config_service_win.cc(668)] Failed to read DnsConfig.
[1202/211214.251:WARNING:dns_config_service_win.cc(668)] Failed to read DnsConfig.
[1202/211219.262:WARNING:dns_config_service_win.cc(668)] Failed to read DnsConfig.
[1202/211224.292:WARNING:dns_config_service_win.cc(668)] Failed to read DnsConfig.
[1202/211229.299:WARNING:dns_config_service_win.cc(668)] Failed to read DnsConfig.
[1202/211234.319:WARNING:dns_config_service_win.cc(668)] Failed to read DnsConfig.
[1202/211239.339:WARNING:dns_config_service_win.cc(668)] Failed to read DnsConfig.
[1202/211244.354:WARNING:dns_config_service_win.cc(668)] Failed to read DnsConfig.
[1202/211249.367:WARNING:dns_config_service_win.cc(668)] Failed to read DnsConfig.
[1202/211254.385:WARNING:dns_config_service_win.cc(668)] Failed to read DnsConfig.
[1202/211259.402:WARNING:dns_config_service_win.cc(668)] Failed to read DnsConfig.
[1202/211304.413:WARNING:dns_config_service_win.cc(668)] Failed to read DnsConfig.
[1202/211309.432:WARNING:dns_config_service_win.cc(668)] Failed to read DnsConfig.
[1202/211314.450:WARNING:dns_config_service_win.cc(668)] Failed to read DnsConfig.
[1202/211319.460:WARNING:dns_config_service_win.cc(668)] Failed to read DnsConfig.
[1202/211324.475:WARNING:dns_config_service_win.cc(668)] Failed to read DnsConfig.
[1202/211329.498:WARNING:dns_config_service_win.cc(668)] Failed to read DnsConfig.
[1202/211334.509:WARNING:dns_config_service_win.cc(668)] Failed to read DnsConfig.
[1202/211339.519:WARNING:dns_config_service_win.cc(668)] Failed to read DnsConfig.
[1202/211344.530:WARNING:dns_config_service_win.cc(668)] Failed to read DnsConfig.
[1202/211349.541:WARNING:dns_config_service_win.cc(668)] Failed to read DnsConfig.
[1202/211354.551:WARNING:dns_config_service_win.cc(668)] Failed to read DnsConfig.
[1202/211359.582:WARNING:dns_config_service_win.cc(668)] Failed to read DnsConfig.
[1202/211404.596:WARNING:dns_config_service_win.cc(668)] Failed to read DnsConfig.
[1202/211409.616:WARNING:dns_config_service_win.cc(668)] Failed to read DnsConfig.
[1202/211414.633:WARNING:dns_config_service_win.cc(668)] Failed to read DnsConfig.
[1202/211419.644:WARNING:dns_config_service_win.cc(668)] Failed to read DnsConfig.
[1202/211424.664:WARNING:dns_config_service_win.cc(668)] Failed to read DnsConfig.
[1202/211429.686:WARNING:dns_config_service_win.cc(668)] Failed to read DnsConfig.
[1202/211434.702:WARNING:dns_config_service_win.cc(668)] Failed to read DnsConfig.
[1202/211439.715:WARNING:dns_config_service_win.cc(668)] Failed to read DnsConfig.
[1202/211444.740:WARNING:dns_config_service_win.cc(668)] Failed to read DnsConfig.
[1202/211449.754:WARNING:dns_config_service_win.cc(668)] Failed to read DnsConfig.
[1202/212833.120:WARNING:dns_config_service_win.cc(668)] Failed to read DnsConfig.
[1202/212838.142:WARNING:dns_config_service_win.cc(668)] Failed to read DnsConfig.
[1202/212843.163:WARNING:dns_config_service_win.cc(668)] Failed to read DnsConfig.
[1202/212848.184:WARNING:dns_config_service_win.cc(668)] Failed to read DnsConfig.
[1202/212853.190:WARNING:dns_config_service_win.cc(668)] Failed to read DnsConfig.
[1202/212858.206:WARNING:dns_config_service_win.cc(668)] Failed to read DnsConfig.
[1202/212903.226:WARNING:dns_config_service_win.cc(668)] Failed to read DnsConfig.
[1202/212908.245:WARNING:dns_config_service_win.cc(668)] Failed to read DnsConfig.
[1202/212913.261:WARNING:dns_config_service_win.cc(668)] Failed to read DnsConfig.
[1202/212918.279:WARNING:dns_config_service_win.cc(668)] Failed to read DnsConfig.
[1202/212923.297:WARNING:dns_config_service_win.cc(668)] Failed to read DnsConfig.
[1202/212928.319:WARNING:dns_config_service_win.cc(668)] Failed to read DnsConfig.
[1202/212933.340:WARNING:dns_config_service_win.cc(668)] Failed to read DnsConfig.
[1202/212938.356:WARNING:dns_config_service_win.cc(668)] Failed to read DnsConfig.
[1202/212943.376:WARNING:dns_config_service_win.cc(668)] Failed to read DnsConfig.
[1202/212948.396:WARNING:dns_config_service_win.cc(668)] Failed to read DnsConfig.
[1202/212953.417:WARNING:dns_config_service_win.cc(668)] Failed to read DnsConfig.
[1202/212958.431:WARNING:dns_config_service_win.cc(668)] Failed to read DnsConfig.
[1202/213003.452:WARNING:dns_config_service_win.cc(668)] Failed to read DnsConfig.
[1202/213008.471:WARNING:dns_config_service_win.cc(668)] Failed to read DnsConfig.
[1202/213013.492:WARNING:dns_config_service_win.cc(668)] Failed to read DnsConfig.
[1202/213018.506:WARNING:dns_config_service_win.cc(668)] Failed to read DnsConfig.
[1202/213023.522:WARNING:dns_config_service_win.cc(668)] Failed to read DnsConfig.
[1202/213028.542:WARNING:dns_config_service_win.cc(668)] Failed to read DnsConfig.
[1202/213033.558:WARNING:dns_config_service_win.cc(668)] Failed to read DnsConfig.
[1202/213038.579:WARNING:dns_config_service_win.cc(668)] Failed to read DnsConfig.
[1202/213043.590:WARNING:dns_config_service_win.cc(668)] Failed to read DnsConfig.
[1202/213048.609:WARNING:dns_config_service_win.cc(668)] Failed to read DnsConfig.
[1202/213053.626:WARNING:dns_config_service_win.cc(668)] Failed to read DnsConfig.
[1202/213058.640:WARNING:dns_config_service_win.cc(668)] Failed to read DnsConfig.
[1202/213103.659:WARNING:dns_config_service_win.cc(668)] Failed to read DnsConfig.
[1202/213108.679:WARNING:dns_config_service_win.cc(668)] Failed to read DnsConfig.
[1202/213113.699:WARNING:dns_config_service_win.cc(668)] Failed to read DnsConfig.
[1202/213118.721:WARNING:dns_config_service_win.cc(668)] Failed to read DnsConfig.
[1202/213123.735:WARNING:dns_config_service_win.cc(668)] Failed to read DnsConfig.
[1202/213128.756:WARNING:dns_config_service_win.cc(668)] Failed to read DnsConfig.
[1202/213133.777:WARNING:dns_config_service_win.cc(668)] Failed to read DnsConfig.
[1202/213138.794:WARNING:dns_config_service_win.cc(668)] Failed to read DnsConfig.
[1202/213143.812:WARNING:dns_config_service_win.cc(668)] Failed to read DnsConfig.
[1202/213148.819:WARNING:dns_config_service_win.cc(668)] Failed to read DnsConfig.
[1202/213153.835:WARNING:dns_config_service_win.cc(668)] Failed to read DnsConfig.
[1202/213158.849:WARNING:dns_config_service_win.cc(668)] Failed to read DnsConfig.
[1202/213203.869:WARNING:dns_config_service_win.cc(668)] Failed to read DnsConfig.
[1202/213208.888:WARNING:dns_config_service_win.cc(668)] Failed to read DnsConfig.
[1202/213213.907:WARNING:dns_config_service_win.cc(668)] Failed to read DnsConfig.
[1202/213218.929:WARNING:dns_config_service_win.cc(668)] Failed to read DnsConfig.
[1202/213223.942:WARNING:dns_config_service_win.cc(668)] Failed to read DnsConfig.
[1202/213228.963:WARNING:dns_config_service_win.cc(668)] Failed to read DnsConfig.
[1202/213233.983:WARNING:dns_config_service_win.cc(668)] Failed to read DnsConfig.
[1202/213239.000:WARNING:dns_config_service_win.cc(668)] Failed to read DnsConfig.
[1202/213244.019:WARNING:dns_config_service_win.cc(668)] Failed to read DnsConfig.
[1202/213249.041:WARNING:dns_config_service_win.cc(668)] Failed to read DnsConfig.
[1202/213254.056:WARNING:dns_config_service_win.cc(668)] Failed to read DnsConfig.
[1202/213259.076:WARNING:dns_config_service_win.cc(668)] Failed to read DnsConfig.
[1202/213304.095:WARNING:dns_config_service_win.cc(668)] Failed to read DnsConfig.
[1202/213309.117:WARNING:dns_config_service_win.cc(668)] Failed to read DnsConfig.
[1202/213314.133:WARNING:dns_config_service_win.cc(668)] Failed to read DnsConfig.
[1202/213319.155:WARNING:dns_config_service_win.cc(668)] Failed to read DnsConfig.
[1202/213324.171:WARNING:dns_config_service_win.cc(668)] Failed to read DnsConfig.
[1202/213329.189:WARNING:dns_config_service_win.cc(668)] Failed to read DnsConfig.
[1202/213334.207:WARNING:dns_config_service_win.cc(668)] Failed to read DnsConfig.
[1202/213339.223:WARNING:dns_config_service_win.cc(668)] Failed to read DnsConfig.
[1202/213344.240:WARNING:dns_config_service_win.cc(668)] Failed to read DnsConfig.
[1202/213349.262:WARNING:dns_config_service_win.cc(668)] Failed to read DnsConfig.
[1202/213354.283:WARNING:dns_config_service_win.cc(668)] Failed to read DnsConfig.
[1202/213359.299:WARNING:dns_config_service_win.cc(668)] Failed to read DnsConfig.
[1202/213404.321:WARNING:dns_config_service_win.cc(668)] Failed to read DnsConfig.
[1202/213409.342:WARNING:dns_config_service_win.cc(668)] Failed to read DnsConfig.
[1202/213414.363:WARNING:dns_config_service_win.cc(668)] Failed to read DnsConfig.
[1202/213419.381:WARNING:dns_config_service_win.cc(668)] Failed to read DnsConfig.
[1202/213424.402:WARNING:dns_config_service_win.cc(668)] Failed to read DnsConfig.
[1202/213429.424:WARNING:dns_config_service_win.cc(668)] Failed to read DnsConfig.
[1202/213434.446:WARNING:dns_config_service_win.cc(668)] Failed to read DnsConfig.
[1202/213439.466:WARNING:dns_config_service_win.cc(668)] Failed to read DnsConfig.
[1202/213444.486:WARNING:dns_config_service_win.cc(668)] Failed to read DnsConfig.
[1202/213449.507:WARNING:dns_config_service_win.cc(668)] Failed to read DnsConfig.
[1202/213721.494:WARNING:dns_config_service_win.cc(668)] Failed to read DnsConfig.
[1202/213726.512:WARNING:dns_config_service_win.cc(668)] Failed to read DnsConfig.
[1202/213731.532:WARNING:dns_config_service_win.cc(668)] Failed to read DnsConfig.
[1202/213736.548:WARNING:dns_config_service_win.cc(668)] Failed to read DnsConfig.
[1202/213741.566:WARNING:dns_config_service_win.cc(668)] Failed to read DnsConfig.
[1202/213746.587:WARNING:dns_config_service_win.cc(668)] Failed to read DnsConfig.
[1202/213751.606:WARNING:dns_config_service_win.cc(668)] Failed to read DnsConfig.
[1202/213756.625:WARNING:dns_config_service_win.cc(668)] Failed to read DnsConfig.
[1202/213801.646:WARNING:dns_config_service_win.cc(668)] Failed to read DnsConfig.
[1202/213806.661:WARNING:dns_config_service_win.cc(668)] Failed to read DnsConfig.
[1202/213811.683:WARNING:dns_config_service_win.cc(668)] Failed to read DnsConfig.
[1202/213816.699:WARNING:dns_config_service_win.cc(668)] Failed to read DnsConfig.
[1202/213821.719:WARNING:dns_config_service_win.cc(668)] Failed to read DnsConfig.
[1202/213826.737:WARNING:dns_config_service_win.cc(668)] Failed to read DnsConfig.
[1202/213831.759:WARNING:dns_config_service_win.cc(668)] Failed to read DnsConfig.
[1202/213836.780:WARNING:dns_config_service_win.cc(668)] Failed to read DnsConfig.
[1202/213841.801:WARNING:dns_config_service_win.cc(668)] Failed to read DnsConfig.
[1202/213846.821:WARNING:dns_config_service_win.cc(668)] Failed to read DnsConfig.
[1202/213851.841:WARNING:dns_config_service_win.cc(668)] Failed to read DnsConfig.
[1202/213856.862:WARNING:dns_config_service_win.cc(668)] Failed to read DnsConfig.
[1202/213901.881:WARNING:dns_config_service_win.cc(668)] Failed to read DnsConfig.
[1202/213906.899:WARNING:dns_config_service_win.cc(668)] Failed to read DnsConfig.
[1202/213911.916:WARNING:dns_config_service_win.cc(668)] Failed to read DnsConfig.
[1202/213916.937:WARNING:dns_config_service_win.cc(668)] Failed to read DnsConfig.
[1202/213921.955:WARNING:dns_config_service_win.cc(668)] Failed to read DnsConfig.
[1202/213926.971:WARNING:dns_config_service_win.cc(668)] Failed to read DnsConfig.
[1202/213931.990:WARNING:dns_config_service_win.cc(668)] Failed to read DnsConfig.
[1202/213937.008:WARNING:dns_config_service_win.cc(668)] Failed to read DnsConfig.
[1202/213942.027:WARNING:dns_config_service_win.cc(668)] Failed to read DnsConfig.
[1202/213947.042:WARNING:dns_config_service_win.cc(668)] Failed to read DnsConfig.
[1202/213952.063:WARNING:dns_config_service_win.cc(668)] Failed to read DnsConfig.
[1202/213957.084:WARNING:dns_config_service_win.cc(668)] Failed to read DnsConfig.
[1202/214002.105:WARNING:dns_config_service_win.cc(668)] Failed to read DnsConfig.
[1202/214007.126:WARNING:dns_config_service_win.cc(668)] Failed to read DnsConfig.
[1202/214012.148:WARNING:dns_config_service_win.cc(668)] Failed to read DnsConfig.
[1202/214017.163:WARNING:dns_config_service_win.cc(668)] Failed to read DnsConfig.
[1202/214022.185:WARNING:dns_config_service_win.cc(668)] Failed to read DnsConfig.
[1202/214027.197:WARNING:dns_config_service_win.cc(668)] Failed to read DnsConfig.
[1202/214032.217:WARNING:dns_config_service_win.cc(668)] Failed to read DnsConfig.
[1202/214037.237:WARNING:dns_config_service_win.cc(668)] Failed to read DnsConfig.
[1202/214114.316:WARNING:dns_config_service_win.cc(668)] Failed to read DnsConfig.
[1202/214226.026:WARNING:dns_config_service_win.cc(668)] Failed to read DnsConfig.
[1202/214231.037:WARNING:dns_config_service_win.cc(668)] Failed to read DnsConfig.
[1202/214236.054:WARNING:dns_config_service_win.cc(668)] Failed to read DnsConfig.
[1202/214241.063:WARNING:dns_config_service_win.cc(668)] Failed to read DnsConfig.
[1202/214246.089:WARNING:dns_config_service_win.cc(668)] Failed to read DnsConfig.
[1202/214251.097:WARNING:dns_config_service_win.cc(668)] Failed to read DnsConfig.
[1202/214256.121:WARNING:dns_config_service_win.cc(668)] Failed to read DnsConfig.
[1202/214301.135:WARNING:dns_config_service_win.cc(668)] Failed to read DnsConfig.
[1202/214306.150:WARNING:dns_config_service_win.cc(668)] Failed to read DnsConfig.
[1202/214311.167:WARNING:dns_config_service_win.cc(668)] Failed to read DnsConfig.
[1202/214316.182:WARNING:dns_config_service_win.cc(668)] Failed to read DnsConfig.
[1202/214321.198:WARNING:dns_config_service_win.cc(668)] Failed to read DnsConfig.
[1202/214326.216:WARNING:dns_config_service_win.cc(668)] Failed to read DnsConfig.
[1202/214331.233:WARNING:dns_config_service_win.cc(668)] Failed to read DnsConfig.
[1202/214336.243:WARNING:dns_config_service_win.cc(668)] Failed to read DnsConfig.
[1202/214341.253:WARNING:dns_config_service_win.cc(668)] Failed to read DnsConfig.
[1202/214346.264:WARNING:dns_config_service_win.cc(668)] Failed to read DnsConfig.
[1202/214351.275:WARNING:dns_config_service_win.cc(668)] Failed to read DnsConfig.
[1202/214356.299:WARNING:dns_config_service_win.cc(668)] Failed to read DnsConfig.
[1202/214401.309:WARNING:dns_config_service_win.cc(668)] Failed to read DnsConfig.
[1202/214406.328:WARNING:dns_config_service_win.cc(668)] Failed to read DnsConfig.
[1202/214411.351:WARNING:dns_config_service_win.cc(668)] Failed to read DnsConfig.
[1202/214416.367:WARNING:dns_config_service_win.cc(668)] Failed to read DnsConfig.
[1202/214421.381:WARNING:dns_config_service_win.cc(668)] Failed to read DnsConfig.
[1202/214426.402:WARNING:dns_config_service_win.cc(668)] Failed to read DnsConfig.
[1202/214431.418:WARNING:dns_config_service_win.cc(668)] Failed to read DnsConfig.
[1202/214436.441:WARNING:dns_config_service_win.cc(668)] Failed to read DnsConfig.
[1202/214441.464:WARNING:dns_config_service_win.cc(668)] Failed to read DnsConfig.
[1202/214446.479:WARNING:dns_config_service_win.cc(668)] Failed to read DnsConfig.
[1202/214858.562:WARNING:dns_config_service_win.cc(668)] Failed to read DnsConfig.
[1203/113610.611:WARNING:dns_config_service_win.cc(668)] Failed to read DnsConfig.
[1203/113615.648:WARNING:dns_config_service_win.cc(668)] Failed to read DnsConfig.
[1203/113620.665:WARNING:dns_config_service_win.cc(668)] Failed to read DnsConfig.
[1203/113625.683:WARNING:dns_config_service_win.cc(668)] Failed to read DnsConfig.
[1203/113630.695:WARNING:dns_config_service_win.cc(668)] Failed to read DnsConfig.
[1203/113635.715:WARNING:dns_config_service_win.cc(668)] Failed to read DnsConfig.
[1203/113640.715:WARNING:dns_config_service_win.cc(668)] Failed to read DnsConfig.
[1203/113645.738:WARNING:dns_config_service_win.cc(668)] Failed to read DnsConfig.
[1203/113650.757:WARNING:dns_config_service_win.cc(668)] Failed to read DnsConfig.
[1203/113655.775:WARNING:dns_config_service_win.cc(668)] Failed to read DnsConfig.
[1203/113700.784:WARNING:dns_config_service_win.cc(668)] Failed to read DnsConfig.
[1203/113705.796:WARNING:dns_config_service_win.cc(668)] Failed to read DnsConfig.
[1203/113710.821:WARNING:dns_config_service_win.cc(668)] Failed to read DnsConfig.
[1203/113715.834:WARNING:dns_config_service_win.cc(668)] Failed to read DnsConfig.
[1203/113720.863:WARNING:dns_config_service_win.cc(668)] Failed to read DnsConfig.
[1203/113725.881:WARNING:dns_config_service_win.cc(668)] Failed to read DnsConfig.
[1203/113730.900:WARNING:dns_config_service_win.cc(668)] Failed to read DnsConfig.
[1203/113735.910:WARNING:dns_config_service_win.cc(668)] Failed to read DnsConfig.
[1203/113740.931:WARNING:dns_config_service_win.cc(668)] Failed to read DnsConfig.
[1203/113745.951:WARNING:dns_config_service_win.cc(668)] Failed to read DnsConfig.
[1203/113750.973:WARNING:dns_config_service_win.cc(668)] Failed to read DnsConfig.
[1203/113755.999:WARNING:dns_config_service_win.cc(668)] Failed to read DnsConfig.
[1203/113801.016:WARNING:dns_config_service_win.cc(668)] Failed to read DnsConfig.
[1203/113806.029:WARNING:dns_config_service_win.cc(668)] Failed to read DnsConfig.
[1203/113811.052:WARNING:dns_config_service_win.cc(668)] Failed to read DnsConfig.
[1203/113816.065:WARNING:dns_config_service_win.cc(668)] Failed to read DnsConfig.
[1203/113821.088:WARNING:dns_config_service_win.cc(668)] Failed to read DnsConfig.
[1203/113826.107:WARNING:dns_config_service_win.cc(668)] Failed to read DnsConfig.
[1203/113831.120:WARNING:dns_config_service_win.cc(668)] Failed to read DnsConfig.
[1203/113836.130:WARNING:dns_config_service_win.cc(668)] Failed to read DnsConfig.
[1203/124634.714:WARNING:dns_config_service_win.cc(668)] Failed to read DnsConfig.
[1203/155729.126:WARNING:dns_config_service_win.cc(668)] Failed to read DnsConfig.
[1203/155734.149:WARNING:dns_config_service_win.cc(668)] Failed to read DnsConfig.
[1203/172355.548:WARNING:dns_config_service_win.cc(668)] Failed to read DnsConfig.
[1203/172400.571:WARNING:dns_config_service_win.cc(668)] Failed to read DnsConfig.
[1203/172405.577:WARNING:dns_config_service_win.cc(668)] Failed to read DnsConfig.
[1203/172410.595:WARNING:dns_config_service_win.cc(668)] Failed to read DnsConfig.
[1203/172415.609:WARNING:dns_config_service_win.cc(668)] Failed to read DnsConfig.
[1203/172420.626:WARNING:dns_config_service_win.cc(668)] Failed to read DnsConfig.
[1203/172425.632:WARNING:dns_config_service_win.cc(668)] Failed to read DnsConfig.
[1203/172430.640:WARNING:dns_config_service_win.cc(668)] Failed to read DnsConfig.
[1203/172435.653:WARNING:dns_config_service_win.cc(668)] Failed to read DnsConfig.
[1203/172440.668:WARNING:dns_config_service_win.cc(668)] Failed to read DnsConfig.
[1203/172445.682:WARNING:dns_config_service_win.cc(668)] Failed to read DnsConfig.
[1203/172450.697:WARNING:dns_config_service_win.cc(668)] Failed to read DnsConfig.
[1203/172455.710:WARNING:dns_config_service_win.cc(668)] Failed to read DnsConfig.
[1203/172500.720:WARNING:dns_config_service_win.cc(668)] Failed to read DnsConfig.
[1203/172505.735:WARNING:dns_config_service_win.cc(668)] Failed to read DnsConfig.
[1203/172510.751:WARNING:dns_config_service_win.cc(668)] Failed to read DnsConfig.
[1203/172515.769:WARNING:dns_config_service_win.cc(668)] Failed to read DnsConfig.
[1203/172520.784:WARNING:dns_config_service_win.cc(668)] Failed to read DnsConfig.
[1203/172525.793:WARNING:dns_config_service_win.cc(668)] Failed to read DnsConfig.
[1203/172530.804:WARNING:dns_config_service_win.cc(668)] Failed to read DnsConfig.
[1203/172535.807:WARNING:dns_config_service_win.cc(668)] Failed to read DnsConfig.
[1203/172540.831:WARNING:dns_config_service_win.cc(668)] Failed to read DnsConfig.
[1203/172545.857:WARNING:dns_config_service_win.cc(668)] Failed to read DnsConfig.
[1203/172550.869:WARNING:dns_config_service_win.cc(668)] Failed to read DnsConfig.
[1203/172555.882:WARNING:dns_config_service_win.cc(668)] Failed to read DnsConfig.
[1203/172600.893:WARNING:dns_config_service_win.cc(668)] Failed to read DnsConfig.
[1203/172605.904:WARNING:dns_config_service_win.cc(668)] Failed to read DnsConfig.
[1203/172610.919:WARNING:dns_config_service_win.cc(668)] Failed to read DnsConfig.
[1203/172615.929:WARNING:dns_config_service_win.cc(668)] Failed to read DnsConfig.
[1203/172620.943:WARNING:dns_config_service_win.cc(668)] Failed to read DnsConfig.
[1203/172625.958:WARNING:dns_config_service_win.cc(668)] Failed to read DnsConfig.
[1203/172630.975:WARNING:dns_config_service_win.cc(668)] Failed to read DnsConfig.
[1203/172632.996:WARNING:dns_config_service_win.cc(668)] Failed to read DnsConfig.
[1203/172633.036:WARNING:dns_config_service_win.cc(668)] Failed to read DnsConfig.
[1204/132853.331:WARNING:dns_config_service_win.cc(668)] Failed to read DnsConfig.
[1204/132926.406:WARNING:dns_config_service_win.cc(668)] Failed to read DnsConfig.
[1204/133041.899:WARNING:dns_config_service_win.cc(668)] Failed to read DnsConfig.
[1204/133236.531:WARNING:dns_config_service_win.cc(668)] Failed to read DnsConfig.
[1204/170118.906:WARNING:dns_config_service_win.cc(668)] Failed to read DnsConfig.
[1204/171517.088:INFO:CONSOLE(1)] "Long rAF frame-time", source: file:///C:/Program%20Files/Adobe/Adobe%20Photoshop%202020/Required/www-rich-tooltips/build/external.js (1)
[1204/175704.234:WARNING:dns_config_service_win.cc(668)] Failed to read DnsConfig.
[1204/175709.243:WARNING:dns_config_service_win.cc(668)] Failed to read DnsConfig.
[1204/175714.260:WARNING:dns_config_service_win.cc(668)] Failed to read DnsConfig.
[1204/175719.271:WARNING:dns_config_service_win.cc(668)] Failed to read DnsConfig.
[1204/175724.287:WARNING:dns_config_service_win.cc(668)] Failed to read DnsConfig.
[1204/175729.307:WARNING:dns_config_service_win.cc(668)] Failed to read DnsConfig.
[1204/175734.337:WARNING:dns_config_service_win.cc(668)] Failed to read DnsConfig.
[1204/175739.354:WARNING:dns_config_service_win.cc(668)] Failed to read DnsConfig.
[1204/175744.376:WARNING:dns_config_service_win.cc(668)] Failed to read DnsConfig.
[1204/175749.402:WARNING:dns_config_service_win.cc(668)] Failed to read DnsConfig.
[1204/175754.422:WARNING:dns_config_service_win.cc(668)] Failed to read DnsConfig.
[1204/175759.424:WARNING:dns_config_service_win.cc(668)] Failed to read DnsConfig.
[1204/175804.447:WARNING:dns_config_service_win.cc(668)] Failed to read DnsConfig.
[1204/175809.457:WARNING:dns_config_service_win.cc(668)] Failed to read DnsConfig.
[1204/175814.477:WARNING:dns_config_service_win.cc(668)] Failed to read DnsConfig.
[1204/175819.487:WARNING:dns_config_service_win.cc(668)] Failed to read DnsConfig.
[1204/175821.372:WARNING:angle_platform_impl.cc(52)] compileToBinary(230): 
C:\fakepath(69,8-58): warning X3571: pow(f, e) will not work for negative f, use abs(f) or conditionally handle negative values if you expect them
C:\fakepath(77,9-43): warning X3571: pow(f, e) will not work for negative f, use abs(f) or conditionally handle negative values if you expect them

[1204/175824.507:WARNING:dns_config_service_win.cc(668)] Failed to read DnsConfig.
[1204/175829.527:WARNING:dns_config_service_win.cc(668)] Failed to read DnsConfig.
[1204/175834.537:WARNING:dns_config_service_win.cc(668)] Failed to read DnsConfig.
[1204/175839.557:WARNING:dns_config_service_win.cc(668)] Failed to read DnsConfig.
[1204/175844.566:WARNING:dns_config_service_win.cc(668)] Failed to read DnsConfig.
[1204/175849.589:WARNING:dns_config_service_win.cc(668)] Failed to read DnsConfig.
[1204/175854.598:WARNING:dns_config_service_win.cc(668)] Failed to read DnsConfig.
[1204/175859.612:WARNING:dns_config_service_win.cc(668)] Failed to read DnsConfig.
[1204/175904.633:WARNING:dns_config_service_win.cc(668)] Failed to read DnsConfig.
[1204/175909.665:WARNING:dns_config_service_win.cc(668)] Failed to read DnsConfig.
[1204/175914.684:WARNING:dns_config_service_win.cc(668)] Failed to read DnsConfig.
[1204/175919.704:WARNING:dns_config_service_win.cc(668)] Failed to read DnsConfig.
[1204/175924.722:WARNING:dns_config_service_win.cc(668)] Failed to read DnsConfig.
[1204/175929.740:WARNING:dns_config_service_win.cc(668)] Failed to read DnsConfig.
[1204/175934.761:WARNING:dns_config_service_win.cc(668)] Failed to read DnsConfig.
[1204/175939.779:WARNING:dns_config_service_win.cc(668)] Failed to read DnsConfig.
[1204/175944.799:WARNING:dns_config_service_win.cc(668)] Failed to read DnsConfig.
[1204/175949.816:WARNING:dns_config_service_win.cc(668)] Failed to read DnsConfig.
[1204/175954.830:WARNING:dns_config_service_win.cc(668)] Failed to read DnsConfig.
[1204/175959.850:WARNING:dns_config_service_win.cc(668)] Failed to read DnsConfig.
[1204/180004.870:WARNING:dns_config_service_win.cc(668)] Failed to read DnsConfig.
[1204/180009.882:WARNING:dns_config_service_win.cc(668)] Failed to read DnsConfig.
[1204/180014.898:WARNING:dns_config_service_win.cc(668)] Failed to read DnsConfig.
[1204/180019.917:WARNING:dns_config_service_win.cc(668)] Failed to read DnsConfig.
[1204/180024.930:WARNING:dns_config_service_win.cc(668)] Failed to read DnsConfig.
[1204/180030.113:WARNING:dns_config_service_win.cc(668)] Failed to read DnsConfig.
[1204/210625.870:WARNING:dns_config_service_win.cc(668)] Failed to read DnsConfig.
[1204/210630.896:WARNING:dns_config_service_win.cc(668)] Failed to read DnsConfig.
[1204/210635.907:WARNING:dns_config_service_win.cc(668)] Failed to read DnsConfig.
[1204/210640.920:WARNING:dns_config_service_win.cc(668)] Failed to read DnsConfig.
[1204/210645.939:WARNING:dns_config_service_win.cc(668)] Failed to read DnsConfig.
[1204/210650.948:WARNING:dns_config_service_win.cc(668)] Failed to read DnsConfig.
[1204/210655.955:WARNING:dns_config_service_win.cc(668)] Failed to read DnsConfig.
[1204/210700.976:WARNING:dns_config_service_win.cc(668)] Failed to read DnsConfig.
[1204/210705.989:WARNING:dns_config_service_win.cc(668)] Failed to read DnsConfig.
[1204/210711.001:WARNING:dns_config_service_win.cc(668)] Failed to read DnsConfig.
[1204/210716.012:WARNING:dns_config_service_win.cc(668)] Failed to read DnsConfig.
[1204/210721.036:WARNING:dns_config_service_win.cc(668)] Failed to read DnsConfig.
[1204/210726.046:WARNING:dns_config_service_win.cc(668)] Failed to read DnsConfig.
[1204/210731.070:WARNING:dns_config_service_win.cc(668)] Failed to read DnsConfig.
[1204/210736.081:WARNING:dns_config_service_win.cc(668)] Failed to read DnsConfig.
[1204/210741.096:WARNING:dns_config_service_win.cc(668)] Failed to read DnsConfig.
[1204/210746.111:WARNING:dns_config_service_win.cc(668)] Failed to read DnsConfig.
[1204/210751.129:WARNING:dns_config_service_win.cc(668)] Failed to read DnsConfig.
[1204/210756.144:WARNING:dns_config_service_win.cc(668)] Failed to read DnsConfig.
[1204/210801.161:WARNING:dns_config_service_win.cc(668)] Failed to read DnsConfig.
[1204/210806.172:WARNING:dns_config_service_win.cc(668)] Failed to read DnsConfig.
[1204/210811.175:WARNING:dns_config_service_win.cc(668)] Failed to read DnsConfig.
[1204/210816.195:WARNING:dns_config_service_win.cc(668)] Failed to read DnsConfig.
[1204/210821.212:WARNING:dns_config_service_win.cc(668)] Failed to read DnsConfig.
[1204/210826.223:WARNING:dns_config_service_win.cc(668)] Failed to read DnsConfig.
[1204/210831.247:WARNING:dns_config_service_win.cc(668)] Failed to read DnsConfig.
[1204/210836.256:WARNING:dns_config_service_win.cc(668)] Failed to read DnsConfig.
[1204/210841.280:WARNING:dns_config_service_win.cc(668)] Failed to read DnsConfig.
[1204/210846.291:WARNING:dns_config_service_win.cc(668)] Failed to read DnsConfig.
[1204/210851.301:WARNING:dns_config_service_win.cc(668)] Failed to read DnsConfig.
[1204/210856.313:WARNING:dns_config_service_win.cc(668)] Failed to read DnsConfig.
[1204/210901.325:WARNING:dns_config_service_win.cc(668)] Failed to read DnsConfig.
[1204/210906.335:WARNING:dns_config_service_win.cc(668)] Failed to read DnsConfig.
[1204/210911.347:WARNING:dns_config_service_win.cc(668)] Failed to read DnsConfig.
[1204/210916.357:WARNING:dns_config_service_win.cc(668)] Failed to read DnsConfig.
[1204/210921.374:WARNING:dns_config_service_win.cc(668)] Failed to read DnsConfig.
[1204/210926.388:WARNING:dns_config_service_win.cc(668)] Failed to read DnsConfig.
[1204/210931.397:WARNING:dns_config_service_win.cc(668)] Failed to read DnsConfig.
[1204/210936.412:WARNING:dns_config_service_win.cc(668)] Failed to read DnsConfig.
[1204/210941.425:WARNING:dns_config_service_win.cc(668)] Failed to read DnsConfig.
[1204/210946.446:WARNING:dns_config_service_win.cc(668)] Failed to read DnsConfig.
[1204/210951.459:WARNING:dns_config_service_win.cc(668)] Failed to read DnsConfig.
[1204/210956.469:WARNING:dns_config_service_win.cc(668)] Failed to read DnsConfig.
[1204/211001.481:WARNING:dns_config_service_win.cc(668)] Failed to read DnsConfig.
[1204/211006.494:WARNING:dns_config_service_win.cc(668)] Failed to read DnsConfig.
[1204/211011.514:WARNING:dns_config_service_win.cc(668)] Failed to read DnsConfig.
[1204/211016.524:WARNING:dns_config_service_win.cc(668)] Failed to read DnsConfig.
[1204/211021.533:WARNING:dns_config_service_win.cc(668)] Failed to read DnsConfig.
[1204/211026.550:WARNING:dns_config_service_win.cc(668)] Failed to read DnsConfig.
[1204/211031.560:WARNING:dns_config_service_win.cc(668)] Failed to read DnsConfig.
[1204/211036.579:WARNING:dns_config_service_win.cc(668)] Failed to read DnsConfig.
[1204/211041.590:WARNING:dns_config_service_win.cc(668)] Failed to read DnsConfig.
[1204/211046.604:WARNING:dns_config_service_win.cc(668)] Failed to read DnsConfig.
[1204/211051.627:WARNING:dns_config_service_win.cc(668)] Failed to read DnsConfig.
[1204/211056.637:WARNING:dns_config_service_win.cc(668)] Failed to read DnsConfig.
[1204/211101.647:WARNING:dns_config_service_win.cc(668)] Failed to read DnsConfig.
[1204/211106.657:WARNING:dns_config_service_win.cc(668)] Failed to read DnsConfig.
[1204/212534.380:WARNING:dns_config_service_win.cc(668)] Failed to read DnsConfig.
[1204/212539.386:WARNING:dns_config_service_win.cc(668)] Failed to read DnsConfig.
[1204/214521.575:WARNING:dns_config_service_win.cc(668)] Failed to read DnsConfig.
[1204/214526.587:WARNING:dns_config_service_win.cc(668)] Failed to read DnsConfig.
[1204/214531.601:WARNING:dns_config_service_win.cc(668)] Failed to read DnsConfig.
[1204/214536.619:WARNING:dns_config_service_win.cc(668)] Failed to read DnsConfig.
[1204/214541.624:WARNING:dns_config_service_win.cc(668)] Failed to read DnsConfig.
[1204/214546.628:WARNING:dns_config_service_win.cc(668)] Failed to read DnsConfig.
[1204/214551.651:WARNING:dns_config_service_win.cc(668)] Failed to read DnsConfig.
[1204/214556.652:WARNING:dns_config_service_win.cc(668)] Failed to read DnsConfig.
[1204/214601.667:WARNING:dns_config_service_win.cc(668)] Failed to read DnsConfig.
[1204/214606.688:WARNING:dns_config_service_win.cc(668)] Failed to read DnsConfig.
[1204/214611.697:WARNING:dns_config_service_win.cc(668)] Failed to read DnsConfig.
[1204/214616.711:WARNING:dns_config_service_win.cc(668)] Failed to read DnsConfig.
[1204/214621.726:WARNING:dns_config_service_win.cc(668)] Failed to read DnsConfig.
[1204/214626.737:WARNING:dns_config_service_win.cc(668)] Failed to read DnsConfig.
[1204/214631.771:WARNING:dns_config_service_win.cc(668)] Failed to read DnsConfig.
[1204/214636.774:WARNING:dns_config_service_win.cc(668)] Failed to read DnsConfig.
[1204/214641.783:WARNING:dns_config_service_win.cc(668)] Failed to read DnsConfig.
[1204/214653.550:WARNING:dns_config_service_win.cc(668)] Failed to read DnsConfig.
[1204/214658.566:WARNING:dns_config_service_win.cc(668)] Failed to read DnsConfig.
[1204/214703.578:WARNING:dns_config_service_win.cc(668)] Failed to read DnsConfig.
[1204/214708.589:WARNING:dns_config_service_win.cc(668)] Failed to read DnsConfig.
[1204/214713.618:WARNING:dns_config_service_win.cc(668)] Failed to read DnsConfig.
[1204/214718.621:WARNING:dns_config_service_win.cc(668)] Failed to read DnsConfig.
[1204/214723.632:WARNING:dns_config_service_win.cc(668)] Failed to read DnsConfig.
[1204/214728.641:WARNING:dns_config_service_win.cc(668)] Failed to read DnsConfig.
[1204/214733.645:WARNING:dns_config_service_win.cc(668)] Failed to read DnsConfig.
[1204/214738.658:WARNING:dns_config_service_win.cc(668)] Failed to read DnsConfig.
[1204/214743.678:WARNING:dns_config_service_win.cc(668)] Failed to read DnsConfig.
[1204/214748.708:WARNING:dns_config_service_win.cc(668)] Failed to read DnsConfig.
[1204/214753.719:WARNING:dns_config_service_win.cc(668)] Failed to read DnsConfig.
[1204/214758.730:WARNING:dns_config_service_win.cc(668)] Failed to read DnsConfig.
[1204/214803.745:WARNING:dns_config_service_win.cc(668)] Failed to read DnsConfig.
[1204/214808.756:WARNING:dns_config_service_win.cc(668)] Failed to read DnsConfig.
[1204/214813.768:WARNING:dns_config_service_win.cc(668)] Failed to read DnsConfig.
[1204/214818.779:WARNING:dns_config_service_win.cc(668)] Failed to read DnsConfig.
[1204/214823.783:WARNING:dns_config_service_win.cc(668)] Failed to read DnsConfig.
[1204/214828.810:WARNING:dns_config_service_win.cc(668)] Failed to read DnsConfig.
[1204/214833.825:WARNING:dns_config_service_win.cc(668)] Failed to read DnsConfig.
[1204/214838.846:WARNING:dns_config_service_win.cc(668)] Failed to read DnsConfig.
[1204/214843.859:WARNING:dns_config_service_win.cc(668)] Failed to read DnsConfig.
[1204/214848.871:WARNING:dns_config_service_win.cc(668)] Failed to read DnsConfig.
[1204/214853.882:WARNING:dns_config_service_win.cc(668)] Failed to read DnsConfig.
[1204/214858.893:WARNING:dns_config_service_win.cc(668)] Failed to read DnsConfig.
[1204/214903.907:WARNING:dns_config_service_win.cc(668)] Failed to read DnsConfig.
[1204/214908.930:WARNING:dns_config_service_win.cc(668)] Failed to read DnsConfig.
[1204/214913.941:WARNING:dns_config_service_win.cc(668)] Failed to read DnsConfig.
[1204/214918.962:WARNING:dns_config_service_win.cc(668)] Failed to read DnsConfig.
[1204/214923.990:WARNING:dns_config_service_win.cc(668)] Failed to read DnsConfig.
[1204/214929.004:WARNING:dns_config_service_win.cc(668)] Failed to read DnsConfig.
[1204/214934.017:WARNING:dns_config_service_win.cc(668)] Failed to read DnsConfig.
[1204/214939.028:WARNING:dns_config_service_win.cc(668)] Failed to read DnsConfig.
[1204/214944.039:WARNING:dns_config_service_win.cc(668)] Failed to read DnsConfig.
[1204/214949.050:WARNING:dns_config_service_win.cc(668)] Failed to read DnsConfig.
[1204/214954.060:WARNING:dns_config_service_win.cc(668)] Failed to read DnsConfig.
[1204/214959.089:WARNING:dns_config_service_win.cc(668)] Failed to read DnsConfig.
[1204/215004.110:WARNING:dns_config_service_win.cc(668)] Failed to read DnsConfig.
[1204/215009.131:WARNING:dns_config_service_win.cc(668)] Failed to read DnsConfig.
[1204/215014.142:WARNING:dns_config_service_win.cc(668)] Failed to read DnsConfig.
[1204/215019.155:WARNING:dns_config_service_win.cc(668)] Failed to read DnsConfig.
[1204/215024.163:WARNING:dns_config_service_win.cc(668)] Failed to read DnsConfig.
[1204/215029.174:WARNING:dns_config_service_win.cc(668)] Failed to read DnsConfig.
[1204/215033.033:WARNING:dns_config_service_win.cc(668)] Failed to read DnsConfig.
[1204/215202.946:WARNING:dns_config_service_win.cc(668)] Failed to read DnsConfig.
[1204/215207.967:WARNING:dns_config_service_win.cc(668)] Failed to read DnsConfig.
[1204/215212.980:WARNING:dns_config_service_win.cc(668)] Failed to read DnsConfig.
[1204/215500.816:WARNING:dns_config_service_win.cc(668)] Failed to read DnsConfig.
[1204/223012.123:WARNING:dns_config_service_win.cc(668)] Failed to read DnsConfig.
[1204/231211.143:WARNING:dns_config_service_win.cc(668)] Failed to read DnsConfig.
[1205/122828.396:WARNING:dns_config_service_win.cc(668)] Failed to read DnsConfig.
[1205/123332.827:INFO:CONSOLE(1)] "Long rAF frame-time", source: file:///C:/Program%20Files/Adobe/Adobe%20Photoshop%202020/Required/www-rich-tooltips/build/external.js (1)
[1205/124139.334:WARNING:dns_config_service_win.cc(668)] Failed to read DnsConfig.
[1205/133914.516:WARNING:dns_config_service_win.cc(668)] Failed to read DnsConfig.
[1205/134551.300:WARNING:angle_platform_impl.cc(52)] compileToBinary(230): 
C:\fakepath(69,8-58): warning X3571: pow(f, e) will not work for negative f, use abs(f) or conditionally handle negative values if you expect them
C:\fakepath(77,9-43): warning X3571: pow(f, e) will not work for negative f, use abs(f) or conditionally handle negative values if you expect them

[1205/174248.673:WARNING:dns_config_service_win.cc(668)] Failed to read DnsConfig.
[1205/174253.690:WARNING:dns_config_service_win.cc(668)] Failed to read DnsConfig.
[1205/195315.080:WARNING:dns_config_service_win.cc(668)] Failed to read DnsConfig.
[1205/212140.760:WARNING:dns_config_service_win.cc(668)] Failed to read DnsConfig.
[1205/233559.250:WARNING:dns_config_service_win.cc(668)] Failed to read DnsConfig.
[1205/233559.614:WARNING:dns_config_service_win.cc(668)] Failed to read DnsConfig.
[1206/080709.068:INFO:CONSOLE(1)] "Long rAF frame-time", source: file:///C:/Program%20Files/Adobe/Adobe%20Photoshop%202020/Required/www-rich-tooltips/build/external.js (1)
[1206/080824.239:WARNING:angle_platform_impl.cc(52)] compileToBinary(230): 
C:\fakepath(69,8-58): warning X3571: pow(f, e) will not work for negative f, use abs(f) or conditionally handle negative values if you expect them
C:\fakepath(77,9-43): warning X3571: pow(f, e) will not work for negative f, use abs(f) or conditionally handle negative values if you expect them

[1207/194427.623:WARNING:angle_platform_impl.cc(52)] compileToBinary(230): 
C:\fakepath(69,8-58): warning X3571: pow(f, e) will not work for negative f, use abs(f) or conditionally handle negative values if you expect them
C:\fakepath(77,9-43): warning X3571: pow(f, e) will not work for negative f, use abs(f) or conditionally handle negative values if you expect them

[1207/215152.977:WARNING:angle_platform_impl.cc(52)] compileToBinary(230): 
C:\fakepath(69,8-58): warning X3571: pow(f, e) will not work for negative f, use abs(f) or conditionally handle negative values if you expect them
C:\fakepath(77,9-43): warning X3571: pow(f, e) will not work for negative f, use abs(f) or conditionally handle negative values if you expect them

