[1208/194051.045:WARNING:dns_config_service_win.cc(668)] Failed to read DnsConfig.
[1208/203105.716:WARNING:dns_config_service_win.cc(668)] Failed to read DnsConfig.
[1208/203110.740:WARNING:dns_config_service_win.cc(668)] Failed to read DnsConfig.
[1208/203115.754:WARNING:dns_config_service_win.cc(668)] Failed to read DnsConfig.
[1208/203119.538:WARNING:dns_config_service_win.cc(668)] Failed to read DnsConfig.
[1208/225726.590:WARNING:dns_config_service_win.cc(668)] Failed to read DnsConfig.
[1208/225731.596:WARNING:dns_config_service_win.cc(668)] Failed to read DnsConfig.
[1208/225733.321:WARNING:dns_config_service_win.cc(668)] Failed to read DnsConfig.
[1208/225733.347:WARNING:dns_config_service_win.cc(668)] Failed to read DnsConfig.
[1208/230944.970:WARNING:dns_config_service_win.cc(668)] Failed to read DnsConfig.
[1208/230949.987:WARNING:dns_config_service_win.cc(668)] Failed to read DnsConfig.
[1208/230955.001:WARNING:dns_config_service_win.cc(668)] Failed to read DnsConfig.
[1208/231000.013:WARNING:dns_config_service_win.cc(668)] Failed to read DnsConfig.
[1209/115752.017:INFO:CONSOLE(1)] "Long rAF frame-time", source: file:///C:/Program%20Files/Adobe/Adobe%20Photoshop%202020/Required/www-rich-tooltips/build/external.js (1)
[1209/115752.242:WARNING:angle_platform_impl.cc(52)] compileToBinary(230): 
C:\fakepath(69,8-58): warning X3571: pow(f, e) will not work for negative f, use abs(f) or conditionally handle negative values if you expect them
C:\fakepath(77,9-43): warning X3571: pow(f, e) will not work for negative f, use abs(f) or conditionally handle negative values if you expect them

[1209/125849.354:WARNING:dns_config_service_win.cc(668)] Failed to read DnsConfig.
[1209/130152.370:WARNING:dns_config_service_win.cc(668)] Failed to read DnsConfig.
[1209/165718.384:WARNING:dns_config_service_win.cc(668)] Failed to read DnsConfig.
[1209/165723.406:WARNING:dns_config_service_win.cc(668)] Failed to read DnsConfig.
[1209/165728.420:WARNING:dns_config_service_win.cc(668)] Failed to read DnsConfig.
[1209/165733.435:WARNING:dns_config_service_win.cc(668)] Failed to read DnsConfig.
[1209/165733.736:WARNING:dns_config_service_win.cc(668)] Failed to read DnsConfig.
[1209/165733.752:WARNING:dns_config_service_win.cc(668)] Failed to read DnsConfig.
[1209/165733.807:WARNING:dns_config_service_win.cc(668)] Failed to read DnsConfig.
[1209/171748.865:WARNING:dns_config_service_win.cc(668)] Failed to read DnsConfig.
[1209/171749.181:WARNING:dns_config_service_win.cc(668)] Failed to read DnsConfig.
[1209/181554.223:WARNING:dns_config_service_win.cc(668)] Failed to read DnsConfig.
[1209/181559.233:WARNING:dns_config_service_win.cc(668)] Failed to read DnsConfig.
[1209/181604.242:WARNING:dns_config_service_win.cc(668)] Failed to read DnsConfig.
[1209/181631.750:WARNING:dns_config_service_win.cc(668)] Failed to read DnsConfig.
[1209/181636.760:WARNING:dns_config_service_win.cc(668)] Failed to read DnsConfig.
[1209/181641.785:WARNING:dns_config_service_win.cc(668)] Failed to read DnsConfig.
[1209/183147.619:WARNING:dns_config_service_win.cc(668)] Failed to read DnsConfig.
[1209/233751.740:WARNING:dns_config_service_win.cc(668)] Failed to read DnsConfig.
[1209/233756.749:WARNING:dns_config_service_win.cc(668)] Failed to read DnsConfig.
[1209/233801.757:WARNING:dns_config_service_win.cc(668)] Failed to read DnsConfig.
[1210/140532.018:WARNING:dns_config_service_win.cc(668)] Failed to read DnsConfig.
[1210/182111.824:WARNING:dns_config_service_win.cc(668)] Failed to read DnsConfig.
[1210/183401.880:WARNING:dns_config_service_win.cc(668)] Failed to read DnsConfig.
[1210/183945.484:INFO:CONSOLE(1)] "Long rAF frame-time", source: file:///C:/Program%20Files/Adobe/Adobe%20Photoshop%202020/Required/www-rich-tooltips/build/external.js (1)
[1210/183945.932:WARNING:angle_platform_impl.cc(52)] compileToBinary(230): 
C:\fakepath(69,8-58): warning X3571: pow(f, e) will not work for negative f, use abs(f) or conditionally handle negative values if you expect them
C:\fakepath(77,9-43): warning X3571: pow(f, e) will not work for negative f, use abs(f) or conditionally handle negative values if you expect them

[1210/201619.524:WARNING:dns_config_service_win.cc(668)] Failed to read DnsConfig.
[1211/172638.380:WARNING:dns_config_service_win.cc(668)] Failed to read DnsConfig.
[1211/172732.472:WARNING:dns_config_service_win.cc(668)] Failed to read DnsConfig.
[1211/172841.935:WARNING:dns_config_service_win.cc(668)] Failed to read DnsConfig.
[1211/182416.653:WARNING:angle_platform_impl.cc(52)] compileToBinary(230): 
C:\fakepath(69,8-58): warning X3571: pow(f, e) will not work for negative f, use abs(f) or conditionally handle negative values if you expect them
C:\fakepath(77,9-43): warning X3571: pow(f, e) will not work for negative f, use abs(f) or conditionally handle negative values if you expect them

[1211/191155.833:WARNING:dns_config_service_win.cc(668)] Failed to read DnsConfig.
[1211/220118.881:WARNING:dns_config_service_win.cc(668)] Failed to read DnsConfig.
[1211/220119.375:WARNING:dns_config_service_win.cc(668)] Failed to read DnsConfig.
[1211/220119.476:WARNING:dns_config_service_win.cc(668)] Failed to read DnsConfig.
[1211/220123.903:WARNING:dns_config_service_win.cc(668)] Failed to read DnsConfig.
[1211/220124.388:WARNING:dns_config_service_win.cc(668)] Failed to read DnsConfig.
[1211/220124.504:WARNING:dns_config_service_win.cc(668)] Failed to read DnsConfig.
[1211/220128.915:WARNING:dns_config_service_win.cc(668)] Failed to read DnsConfig.
[1211/220129.404:WARNING:dns_config_service_win.cc(668)] Failed to read DnsConfig.
[1211/220129.513:WARNING:dns_config_service_win.cc(668)] Failed to read DnsConfig.
[1211/220131.844:WARNING:dns_config_service_win.cc(668)] Failed to read DnsConfig.
[1211/220133.932:WARNING:dns_config_service_win.cc(668)] Failed to read DnsConfig.
[1211/220134.418:WARNING:dns_config_service_win.cc(668)] Failed to read DnsConfig.
[1211/220134.527:WARNING:dns_config_service_win.cc(668)] Failed to read DnsConfig.
[1211/225024.015:WARNING:angle_platform_impl.cc(52)] compileToBinary(230): 
C:\fakepath(69,8-58): warning X3571: pow(f, e) will not work for negative f, use abs(f) or conditionally handle negative values if you expect them
C:\fakepath(77,9-43): warning X3571: pow(f, e) will not work for negative f, use abs(f) or conditionally handle negative values if you expect them

[1211/231111.274:WARNING:dns_config_service_win.cc(668)] Failed to read DnsConfig.
[1211/231116.301:WARNING:dns_config_service_win.cc(668)] Failed to read DnsConfig.
[1211/231120.816:WARNING:dns_config_service_win.cc(668)] Failed to read DnsConfig.
[1211/231120.830:WARNING:dns_config_service_win.cc(668)] Failed to read DnsConfig.
[1211/231121.310:WARNING:dns_config_service_win.cc(668)] Failed to read DnsConfig.
[1211/231121.414:WARNING:dns_config_service_win.cc(668)] Failed to read DnsConfig.
[1212/234327.367:WARNING:dns_config_service_win.cc(668)] Failed to read DnsConfig.
[0103/192649.467:WARNING:dns_config_service_win.cc(668)] Failed to read DnsConfig.
[0103/192759.319:WARNING:dns_config_service_win.cc(668)] Failed to read DnsConfig.
[0103/192804.333:WARNING:dns_config_service_win.cc(668)] Failed to read DnsConfig.
[0103/192809.359:WARNING:dns_config_service_win.cc(668)] Failed to read DnsConfig.
[0103/192814.377:WARNING:dns_config_service_win.cc(668)] Failed to read DnsConfig.
[0103/192819.403:WARNING:dns_config_service_win.cc(668)] Failed to read DnsConfig.
[0103/192824.414:WARNING:dns_config_service_win.cc(668)] Failed to read DnsConfig.
[0103/192829.438:WARNING:dns_config_service_win.cc(668)] Failed to read DnsConfig.
[0103/192834.450:WARNING:dns_config_service_win.cc(668)] Failed to read DnsConfig.
[0103/192839.472:WARNING:dns_config_service_win.cc(668)] Failed to read DnsConfig.
[0103/192844.483:WARNING:dns_config_service_win.cc(668)] Failed to read DnsConfig.
[0103/192849.494:WARNING:dns_config_service_win.cc(668)] Failed to read DnsConfig.
[0103/192854.508:WARNING:dns_config_service_win.cc(668)] Failed to read DnsConfig.
[0103/192859.518:WARNING:dns_config_service_win.cc(668)] Failed to read DnsConfig.
[0103/200733.374:WARNING:dns_config_service_win.cc(668)] Failed to read DnsConfig.
[0103/201411.769:WARNING:dns_config_service_win.cc(668)] Failed to read DnsConfig.
[0103/202038.774:WARNING:dns_config_service_win.cc(668)] Failed to read DnsConfig.
[0103/202043.799:WARNING:dns_config_service_win.cc(668)] Failed to read DnsConfig.
[0103/205411.116:WARNING:dns_config_service_win.cc(668)] Failed to read DnsConfig.
[0103/211435.846:WARNING:dns_config_service_win.cc(668)] Failed to read DnsConfig.
[0103/211440.860:WARNING:dns_config_service_win.cc(668)] Failed to read DnsConfig.
[0103/211445.881:WARNING:dns_config_service_win.cc(668)] Failed to read DnsConfig.
[0103/211448.595:WARNING:dns_config_service_win.cc(668)] Failed to read DnsConfig.
[0103/211448.607:WARNING:dns_config_service_win.cc(668)] Failed to read DnsConfig.
[0103/211448.646:WARNING:dns_config_service_win.cc(668)] Failed to read DnsConfig.
[0103/211449.126:WARNING:dns_config_service_win.cc(668)] Failed to read DnsConfig.
[0103/211942.146:WARNING:dns_config_service_win.cc(668)] Failed to read DnsConfig.
[0103/211947.187:WARNING:dns_config_service_win.cc(668)] Failed to read DnsConfig.
[0103/211952.210:WARNING:dns_config_service_win.cc(668)] Failed to read DnsConfig.
[0103/211957.219:WARNING:dns_config_service_win.cc(668)] Failed to read DnsConfig.
[0103/212002.233:WARNING:dns_config_service_win.cc(668)] Failed to read DnsConfig.
[0103/212007.256:WARNING:dns_config_service_win.cc(668)] Failed to read DnsConfig.
[0103/212012.271:WARNING:dns_config_service_win.cc(668)] Failed to read DnsConfig.
[0103/212017.283:WARNING:dns_config_service_win.cc(668)] Failed to read DnsConfig.
[0103/212022.294:WARNING:dns_config_service_win.cc(668)] Failed to read DnsConfig.
[0103/212027.310:WARNING:dns_config_service_win.cc(668)] Failed to read DnsConfig.
[0103/212032.333:WARNING:dns_config_service_win.cc(668)] Failed to read DnsConfig.
[0103/212037.344:WARNING:dns_config_service_win.cc(668)] Failed to read DnsConfig.
[0103/212042.356:WARNING:dns_config_service_win.cc(668)] Failed to read DnsConfig.
[0103/212047.367:WARNING:dns_config_service_win.cc(668)] Failed to read DnsConfig.
[0103/212052.398:WARNING:dns_config_service_win.cc(668)] Failed to read DnsConfig.
[0103/212057.412:WARNING:dns_config_service_win.cc(668)] Failed to read DnsConfig.
[0103/223458.844:WARNING:dns_config_service_win.cc(668)] Failed to read DnsConfig.
[0104/132844.213:WARNING:dns_config_service_win.cc(668)] Failed to read DnsConfig.
[0104/132849.246:WARNING:dns_config_service_win.cc(668)] Failed to read DnsConfig.
[0104/132954.397:WARNING:dns_config_service_win.cc(668)] Failed to read DnsConfig.
[0104/132959.410:WARNING:dns_config_service_win.cc(668)] Failed to read DnsConfig.
[0104/133004.419:WARNING:dns_config_service_win.cc(668)] Failed to read DnsConfig.
[0104/133009.428:WARNING:dns_config_service_win.cc(668)] Failed to read DnsConfig.
[0104/133014.443:WARNING:dns_config_service_win.cc(668)] Failed to read DnsConfig.
[0104/133019.457:WARNING:dns_config_service_win.cc(668)] Failed to read DnsConfig.
[0104/133024.460:WARNING:dns_config_service_win.cc(668)] Failed to read DnsConfig.
[0104/133029.468:WARNING:dns_config_service_win.cc(668)] Failed to read DnsConfig.
[0104/133034.476:WARNING:dns_config_service_win.cc(668)] Failed to read DnsConfig.
[0104/133039.494:WARNING:dns_config_service_win.cc(668)] Failed to read DnsConfig.
[0104/133044.510:WARNING:dns_config_service_win.cc(668)] Failed to read DnsConfig.
[0104/133049.526:WARNING:dns_config_service_win.cc(668)] Failed to read DnsConfig.
[0105/093208.152:WARNING:dns_config_service_win.cc(668)] Failed to read DnsConfig.
[0105/093212.747:WARNING:dns_config_service_win.cc(668)] Failed to read DnsConfig.
[0105/093214.149:WARNING:dns_config_service_win.cc(668)] Failed to read DnsConfig.
[0105/093214.804:WARNING:dns_config_service_win.cc(668)] Failed to read DnsConfig.
[0105/093217.758:WARNING:dns_config_service_win.cc(668)] Failed to read DnsConfig.
[0105/093219.169:WARNING:dns_config_service_win.cc(668)] Failed to read DnsConfig.
[0105/093219.819:WARNING:dns_config_service_win.cc(668)] Failed to read DnsConfig.
[0105/093222.763:WARNING:dns_config_service_win.cc(668)] Failed to read DnsConfig.
[0105/093224.190:WARNING:dns_config_service_win.cc(668)] Failed to read DnsConfig.
[0105/093224.822:WARNING:dns_config_service_win.cc(668)] Failed to read DnsConfig.
[0105/093227.785:WARNING:dns_config_service_win.cc(668)] Failed to read DnsConfig.
[0105/093229.203:WARNING:dns_config_service_win.cc(668)] Failed to read DnsConfig.
[0105/093229.836:WARNING:dns_config_service_win.cc(668)] Failed to read DnsConfig.
[0120/114057.914:WARNING:dns_config_service_win.cc(668)] Failed to read DnsConfig.
[0120/114207.510:WARNING:dns_config_service_win.cc(668)] Failed to read DnsConfig.
[0120/114212.540:WARNING:dns_config_service_win.cc(668)] Failed to read DnsConfig.
[0120/114217.560:WARNING:dns_config_service_win.cc(668)] Failed to read DnsConfig.
[0120/114222.580:WARNING:dns_config_service_win.cc(668)] Failed to read DnsConfig.
[0120/114227.595:WARNING:dns_config_service_win.cc(668)] Failed to read DnsConfig.
[0120/114232.596:WARNING:dns_config_service_win.cc(668)] Failed to read DnsConfig.
[0120/114237.622:WARNING:dns_config_service_win.cc(668)] Failed to read DnsConfig.
[0120/114242.646:WARNING:dns_config_service_win.cc(668)] Failed to read DnsConfig.
[0120/114247.650:WARNING:dns_config_service_win.cc(668)] Failed to read DnsConfig.
[0120/114252.657:WARNING:dns_config_service_win.cc(668)] Failed to read DnsConfig.
[0120/114257.683:WARNING:dns_config_service_win.cc(668)] Failed to read DnsConfig.
[0120/114302.704:WARNING:dns_config_service_win.cc(668)] Failed to read DnsConfig.
[0120/114307.712:WARNING:dns_config_service_win.cc(668)] Failed to read DnsConfig.
[0120/180552.569:WARNING:dns_config_service_win.cc(668)] Failed to read DnsConfig.
[0120/180553.070:WARNING:dns_config_service_win.cc(668)] Failed to read DnsConfig.
[0120/180553.165:WARNING:dns_config_service_win.cc(668)] Failed to read DnsConfig.
[0120/203000.980:WARNING:dns_config_service_win.cc(668)] Failed to read DnsConfig.
[0120/203005.994:WARNING:dns_config_service_win.cc(668)] Failed to read DnsConfig.
[0120/203011.010:WARNING:dns_config_service_win.cc(668)] Failed to read DnsConfig.
[0120/203016.032:WARNING:dns_config_service_win.cc(668)] Failed to read DnsConfig.
[0120/203021.053:WARNING:dns_config_service_win.cc(668)] Failed to read DnsConfig.
[0120/203026.075:WARNING:dns_config_service_win.cc(668)] Failed to read DnsConfig.
[0120/203031.103:WARNING:dns_config_service_win.cc(668)] Failed to read DnsConfig.
[0120/203036.131:WARNING:dns_config_service_win.cc(668)] Failed to read DnsConfig.
[0120/203041.159:WARNING:dns_config_service_win.cc(668)] Failed to read DnsConfig.
[0120/203046.170:WARNING:dns_config_service_win.cc(668)] Failed to read DnsConfig.
[0120/203051.183:WARNING:dns_config_service_win.cc(668)] Failed to read DnsConfig.
[0120/203056.206:WARNING:dns_config_service_win.cc(668)] Failed to read DnsConfig.
[0120/203101.250:WARNING:dns_config_service_win.cc(668)] Failed to read DnsConfig.
[0120/203106.261:WARNING:dns_config_service_win.cc(668)] Failed to read DnsConfig.
[0120/203111.276:WARNING:dns_config_service_win.cc(668)] Failed to read DnsConfig.
[0120/203116.288:WARNING:dns_config_service_win.cc(668)] Failed to read DnsConfig.
[0120/203121.311:WARNING:dns_config_service_win.cc(668)] Failed to read DnsConfig.
[0120/203126.329:WARNING:dns_config_service_win.cc(668)] Failed to read DnsConfig.
[0120/203131.348:WARNING:dns_config_service_win.cc(668)] Failed to read DnsConfig.
[0120/203136.382:WARNING:dns_config_service_win.cc(668)] Failed to read DnsConfig.
[0120/203141.404:WARNING:dns_config_service_win.cc(668)] Failed to read DnsConfig.
[0120/203146.432:WARNING:dns_config_service_win.cc(668)] Failed to read DnsConfig.
[0120/203151.466:WARNING:dns_config_service_win.cc(668)] Failed to read DnsConfig.
[0120/203156.488:WARNING:dns_config_service_win.cc(668)] Failed to read DnsConfig.
[0120/203201.505:WARNING:dns_config_service_win.cc(668)] Failed to read DnsConfig.
[0120/203206.528:WARNING:dns_config_service_win.cc(668)] Failed to read DnsConfig.
[0120/203211.555:WARNING:dns_config_service_win.cc(668)] Failed to read DnsConfig.
[0120/203216.584:WARNING:dns_config_service_win.cc(668)] Failed to read DnsConfig.
[0120/203221.596:WARNING:dns_config_service_win.cc(668)] Failed to read DnsConfig.
[0120/203226.620:WARNING:dns_config_service_win.cc(668)] Failed to read DnsConfig.
[0120/203231.636:WARNING:dns_config_service_win.cc(668)] Failed to read DnsConfig.
[0120/203236.658:WARNING:dns_config_service_win.cc(668)] Failed to read DnsConfig.
[0120/203241.671:WARNING:dns_config_service_win.cc(668)] Failed to read DnsConfig.
[0120/203246.698:WARNING:dns_config_service_win.cc(668)] Failed to read DnsConfig.
[0120/203251.711:WARNING:dns_config_service_win.cc(668)] Failed to read DnsConfig.
[0120/203256.737:WARNING:dns_config_service_win.cc(668)] Failed to read DnsConfig.
[0120/203301.764:WARNING:dns_config_service_win.cc(668)] Failed to read DnsConfig.
[0120/203306.792:WARNING:dns_config_service_win.cc(668)] Failed to read DnsConfig.
[0120/203311.806:WARNING:dns_config_service_win.cc(668)] Failed to read DnsConfig.
[0120/203316.817:WARNING:dns_config_service_win.cc(668)] Failed to read DnsConfig.
[0120/203321.834:WARNING:dns_config_service_win.cc(668)] Failed to read DnsConfig.
[0120/203326.851:WARNING:dns_config_service_win.cc(668)] Failed to read DnsConfig.
[0120/203331.891:WARNING:dns_config_service_win.cc(668)] Failed to read DnsConfig.
[0120/203336.908:WARNING:dns_config_service_win.cc(668)] Failed to read DnsConfig.
[0120/203341.926:WARNING:dns_config_service_win.cc(668)] Failed to read DnsConfig.
[0120/203346.953:WARNING:dns_config_service_win.cc(668)] Failed to read DnsConfig.
[0120/203351.960:WARNING:dns_config_service_win.cc(668)] Failed to read DnsConfig.
[0120/203357.001:WARNING:dns_config_service_win.cc(668)] Failed to read DnsConfig.
[0120/203402.012:WARNING:dns_config_service_win.cc(668)] Failed to read DnsConfig.
[0120/203407.039:WARNING:dns_config_service_win.cc(668)] Failed to read DnsConfig.
[0120/203412.072:WARNING:dns_config_service_win.cc(668)] Failed to read DnsConfig.
[0120/203417.081:WARNING:dns_config_service_win.cc(668)] Failed to read DnsConfig.
[0120/203422.107:WARNING:dns_config_service_win.cc(668)] Failed to read DnsConfig.
[0120/203427.125:WARNING:dns_config_service_win.cc(668)] Failed to read DnsConfig.
[0120/203432.150:WARNING:dns_config_service_win.cc(668)] Failed to read DnsConfig.
[0120/203437.175:WARNING:dns_config_service_win.cc(668)] Failed to read DnsConfig.
[0120/203442.185:WARNING:dns_config_service_win.cc(668)] Failed to read DnsConfig.
[0120/203447.207:WARNING:dns_config_service_win.cc(668)] Failed to read DnsConfig.
[0120/203452.238:WARNING:dns_config_service_win.cc(668)] Failed to read DnsConfig.
[0120/203457.258:WARNING:dns_config_service_win.cc(668)] Failed to read DnsConfig.
[0120/203502.278:WARNING:dns_config_service_win.cc(668)] Failed to read DnsConfig.
[0120/203507.315:WARNING:dns_config_service_win.cc(668)] Failed to read DnsConfig.
[0120/203512.316:WARNING:dns_config_service_win.cc(668)] Failed to read DnsConfig.
[0120/203517.340:WARNING:dns_config_service_win.cc(668)] Failed to read DnsConfig.
[0120/203522.367:WARNING:dns_config_service_win.cc(668)] Failed to read DnsConfig.
[0120/203527.386:WARNING:dns_config_service_win.cc(668)] Failed to read DnsConfig.
[0120/203532.408:WARNING:dns_config_service_win.cc(668)] Failed to read DnsConfig.
[0120/203537.419:WARNING:dns_config_service_win.cc(668)] Failed to read DnsConfig.
[0120/203542.446:WARNING:dns_config_service_win.cc(668)] Failed to read DnsConfig.
[0120/203547.471:WARNING:dns_config_service_win.cc(668)] Failed to read DnsConfig.
[0120/203552.478:WARNING:dns_config_service_win.cc(668)] Failed to read DnsConfig.
[0120/203557.496:WARNING:dns_config_service_win.cc(668)] Failed to read DnsConfig.
[0120/203602.508:WARNING:dns_config_service_win.cc(668)] Failed to read DnsConfig.
[0120/203607.531:WARNING:dns_config_service_win.cc(668)] Failed to read DnsConfig.
[0120/203612.555:WARNING:dns_config_service_win.cc(668)] Failed to read DnsConfig.
[0120/203617.577:WARNING:dns_config_service_win.cc(668)] Failed to read DnsConfig.
[0120/203622.604:WARNING:dns_config_service_win.cc(668)] Failed to read DnsConfig.
[0120/203627.621:WARNING:dns_config_service_win.cc(668)] Failed to read DnsConfig.
[0120/203632.635:WARNING:dns_config_service_win.cc(668)] Failed to read DnsConfig.
[0120/203637.645:WARNING:dns_config_service_win.cc(668)] Failed to read DnsConfig.
[0120/203642.674:WARNING:dns_config_service_win.cc(668)] Failed to read DnsConfig.
[0120/203647.684:WARNING:dns_config_service_win.cc(668)] Failed to read DnsConfig.
[0120/203652.700:WARNING:dns_config_service_win.cc(668)] Failed to read DnsConfig.
[0120/203657.725:WARNING:dns_config_service_win.cc(668)] Failed to read DnsConfig.
[0120/203702.732:WARNING:dns_config_service_win.cc(668)] Failed to read DnsConfig.
[0120/203707.756:WARNING:dns_config_service_win.cc(668)] Failed to read DnsConfig.
[0120/203712.778:WARNING:dns_config_service_win.cc(668)] Failed to read DnsConfig.
[0120/203717.798:WARNING:dns_config_service_win.cc(668)] Failed to read DnsConfig.
[0120/203722.821:WARNING:dns_config_service_win.cc(668)] Failed to read DnsConfig.
[0120/203727.842:WARNING:dns_config_service_win.cc(668)] Failed to read DnsConfig.
[0120/203732.872:WARNING:dns_config_service_win.cc(668)] Failed to read DnsConfig.
[0120/203737.897:WARNING:dns_config_service_win.cc(668)] Failed to read DnsConfig.
[0120/203742.927:WARNING:dns_config_service_win.cc(668)] Failed to read DnsConfig.
[0120/203747.937:WARNING:dns_config_service_win.cc(668)] Failed to read DnsConfig.
[0120/203752.953:WARNING:dns_config_service_win.cc(668)] Failed to read DnsConfig.
[0120/203757.971:WARNING:dns_config_service_win.cc(668)] Failed to read DnsConfig.
[0120/203802.990:WARNING:dns_config_service_win.cc(668)] Failed to read DnsConfig.
[0120/203808.014:WARNING:dns_config_service_win.cc(668)] Failed to read DnsConfig.
[0120/203813.046:WARNING:dns_config_service_win.cc(668)] Failed to read DnsConfig.
[0120/203818.056:WARNING:dns_config_service_win.cc(668)] Failed to read DnsConfig.
[0120/203823.077:WARNING:dns_config_service_win.cc(668)] Failed to read DnsConfig.
[0120/203828.092:WARNING:dns_config_service_win.cc(668)] Failed to read DnsConfig.
[0120/203833.132:WARNING:dns_config_service_win.cc(668)] Failed to read DnsConfig.
[0120/203838.135:WARNING:dns_config_service_win.cc(668)] Failed to read DnsConfig.
[0120/203843.148:WARNING:dns_config_service_win.cc(668)] Failed to read DnsConfig.
[0120/203848.160:WARNING:dns_config_service_win.cc(668)] Failed to read DnsConfig.
[0120/203853.176:WARNING:dns_config_service_win.cc(668)] Failed to read DnsConfig.
[0120/203858.217:WARNING:dns_config_service_win.cc(668)] Failed to read DnsConfig.
[0120/203903.220:WARNING:dns_config_service_win.cc(668)] Failed to read DnsConfig.
[0120/203908.244:WARNING:dns_config_service_win.cc(668)] Failed to read DnsConfig.
[0120/203913.257:WARNING:dns_config_service_win.cc(668)] Failed to read DnsConfig.
[0120/203918.266:WARNING:dns_config_service_win.cc(668)] Failed to read DnsConfig.
[0120/203923.280:WARNING:dns_config_service_win.cc(668)] Failed to read DnsConfig.
[0120/203928.302:WARNING:dns_config_service_win.cc(668)] Failed to read DnsConfig.
[0120/203933.335:WARNING:dns_config_service_win.cc(668)] Failed to read DnsConfig.
[0120/203938.344:WARNING:dns_config_service_win.cc(668)] Failed to read DnsConfig.
[0120/203943.356:WARNING:dns_config_service_win.cc(668)] Failed to read DnsConfig.
[0120/203948.372:WARNING:dns_config_service_win.cc(668)] Failed to read DnsConfig.
[0120/203953.391:WARNING:dns_config_service_win.cc(668)] Failed to read DnsConfig.
[0120/203958.414:WARNING:dns_config_service_win.cc(668)] Failed to read DnsConfig.
[0120/204003.435:WARNING:dns_config_service_win.cc(668)] Failed to read DnsConfig.
[0120/204008.459:WARNING:dns_config_service_win.cc(668)] Failed to read DnsConfig.
[0120/204013.474:WARNING:dns_config_service_win.cc(668)] Failed to read DnsConfig.
[0120/204018.496:WARNING:dns_config_service_win.cc(668)] Failed to read DnsConfig.
[0120/204023.508:WARNING:dns_config_service_win.cc(668)] Failed to read DnsConfig.
[0120/204028.524:WARNING:dns_config_service_win.cc(668)] Failed to read DnsConfig.
[0120/204033.553:WARNING:dns_config_service_win.cc(668)] Failed to read DnsConfig.
[0120/204038.583:WARNING:dns_config_service_win.cc(668)] Failed to read DnsConfig.
[0120/204043.602:WARNING:dns_config_service_win.cc(668)] Failed to read DnsConfig.
[0120/204048.622:WARNING:dns_config_service_win.cc(668)] Failed to read DnsConfig.
[0120/204053.632:WARNING:dns_config_service_win.cc(668)] Failed to read DnsConfig.
[0120/204058.657:WARNING:dns_config_service_win.cc(668)] Failed to read DnsConfig.
[0120/204103.696:WARNING:dns_config_service_win.cc(668)] Failed to read DnsConfig.
[0120/204108.713:WARNING:dns_config_service_win.cc(668)] Failed to read DnsConfig.
[0120/204113.735:WARNING:dns_config_service_win.cc(668)] Failed to read DnsConfig.
[0120/204118.746:WARNING:dns_config_service_win.cc(668)] Failed to read DnsConfig.
[0120/204123.773:WARNING:dns_config_service_win.cc(668)] Failed to read DnsConfig.
[0120/204128.789:WARNING:dns_config_service_win.cc(668)] Failed to read DnsConfig.
[0120/204133.809:WARNING:dns_config_service_win.cc(668)] Failed to read DnsConfig.
[0120/204138.815:WARNING:dns_config_service_win.cc(668)] Failed to read DnsConfig.
[0120/204143.843:WARNING:dns_config_service_win.cc(668)] Failed to read DnsConfig.
[0120/204148.844:WARNING:dns_config_service_win.cc(668)] Failed to read DnsConfig.
[0120/204153.855:WARNING:dns_config_service_win.cc(668)] Failed to read DnsConfig.
[0120/204158.884:WARNING:dns_config_service_win.cc(668)] Failed to read DnsConfig.
[0120/204203.897:WARNING:dns_config_service_win.cc(668)] Failed to read DnsConfig.
[0120/204208.919:WARNING:dns_config_service_win.cc(668)] Failed to read DnsConfig.
[0120/204213.940:WARNING:dns_config_service_win.cc(668)] Failed to read DnsConfig.
[0120/204218.966:WARNING:dns_config_service_win.cc(668)] Failed to read DnsConfig.
[0120/204223.975:WARNING:dns_config_service_win.cc(668)] Failed to read DnsConfig.
[0120/204228.997:WARNING:dns_config_service_win.cc(668)] Failed to read DnsConfig.
[0120/204234.009:WARNING:dns_config_service_win.cc(668)] Failed to read DnsConfig.
[0120/204239.012:WARNING:dns_config_service_win.cc(668)] Failed to read DnsConfig.
[0120/204244.036:WARNING:dns_config_service_win.cc(668)] Failed to read DnsConfig.
[0120/204249.057:WARNING:dns_config_service_win.cc(668)] Failed to read DnsConfig.
[0120/204254.073:WARNING:dns_config_service_win.cc(668)] Failed to read DnsConfig.
[0120/204259.084:WARNING:dns_config_service_win.cc(668)] Failed to read DnsConfig.
[0120/204304.110:WARNING:dns_config_service_win.cc(668)] Failed to read DnsConfig.
[0120/204309.139:WARNING:dns_config_service_win.cc(668)] Failed to read DnsConfig.
[0120/204314.165:WARNING:dns_config_service_win.cc(668)] Failed to read DnsConfig.
[0120/204319.189:WARNING:dns_config_service_win.cc(668)] Failed to read DnsConfig.
[0120/204324.211:WARNING:dns_config_service_win.cc(668)] Failed to read DnsConfig.
[0120/204329.228:WARNING:dns_config_service_win.cc(668)] Failed to read DnsConfig.
[0120/204334.262:WARNING:dns_config_service_win.cc(668)] Failed to read DnsConfig.
[0120/204339.285:WARNING:dns_config_service_win.cc(668)] Failed to read DnsConfig.
[0120/204344.307:WARNING:dns_config_service_win.cc(668)] Failed to read DnsConfig.
[0120/204349.323:WARNING:dns_config_service_win.cc(668)] Failed to read DnsConfig.
[0120/204354.361:WARNING:dns_config_service_win.cc(668)] Failed to read DnsConfig.
[0120/204359.381:WARNING:dns_config_service_win.cc(668)] Failed to read DnsConfig.
[0120/204404.406:WARNING:dns_config_service_win.cc(668)] Failed to read DnsConfig.
[0120/204409.453:WARNING:dns_config_service_win.cc(668)] Failed to read DnsConfig.
[0120/204414.460:WARNING:dns_config_service_win.cc(668)] Failed to read DnsConfig.
[0120/204419.485:WARNING:dns_config_service_win.cc(668)] Failed to read DnsConfig.
[0120/204424.512:WARNING:dns_config_service_win.cc(668)] Failed to read DnsConfig.
[0120/204429.533:WARNING:dns_config_service_win.cc(668)] Failed to read DnsConfig.
[0120/204434.561:WARNING:dns_config_service_win.cc(668)] Failed to read DnsConfig.
[0120/204439.568:WARNING:dns_config_service_win.cc(668)] Failed to read DnsConfig.
[0120/204444.591:WARNING:dns_config_service_win.cc(668)] Failed to read DnsConfig.
[0120/204449.615:WARNING:dns_config_service_win.cc(668)] Failed to read DnsConfig.
[0120/204454.633:WARNING:dns_config_service_win.cc(668)] Failed to read DnsConfig.
[0120/204459.655:WARNING:dns_config_service_win.cc(668)] Failed to read DnsConfig.
[0120/204504.676:WARNING:dns_config_service_win.cc(668)] Failed to read DnsConfig.
[0120/204509.697:WARNING:dns_config_service_win.cc(668)] Failed to read DnsConfig.
[0120/204514.725:WARNING:dns_config_service_win.cc(668)] Failed to read DnsConfig.
[0120/204519.738:WARNING:dns_config_service_win.cc(668)] Failed to read DnsConfig.
[0120/204524.762:WARNING:dns_config_service_win.cc(668)] Failed to read DnsConfig.
[0120/204529.790:WARNING:dns_config_service_win.cc(668)] Failed to read DnsConfig.
[0120/204534.804:WARNING:dns_config_service_win.cc(668)] Failed to read DnsConfig.
[0120/204539.817:WARNING:dns_config_service_win.cc(668)] Failed to read DnsConfig.
[0120/204544.838:WARNING:dns_config_service_win.cc(668)] Failed to read DnsConfig.
[0120/204549.867:WARNING:dns_config_service_win.cc(668)] Failed to read DnsConfig.
[0120/204554.888:WARNING:dns_config_service_win.cc(668)] Failed to read DnsConfig.
[0120/204559.909:WARNING:dns_config_service_win.cc(668)] Failed to read DnsConfig.
[0120/204604.922:WARNING:dns_config_service_win.cc(668)] Failed to read DnsConfig.
[0120/204609.944:WARNING:dns_config_service_win.cc(668)] Failed to read DnsConfig.
[0120/204614.972:WARNING:dns_config_service_win.cc(668)] Failed to read DnsConfig.
[0120/204620.005:WARNING:dns_config_service_win.cc(668)] Failed to read DnsConfig.
[0120/204625.027:WARNING:dns_config_service_win.cc(668)] Failed to read DnsConfig.
[0120/204630.055:WARNING:dns_config_service_win.cc(668)] Failed to read DnsConfig.
[0120/204635.071:WARNING:dns_config_service_win.cc(668)] Failed to read DnsConfig.
[0120/204640.098:WARNING:dns_config_service_win.cc(668)] Failed to read DnsConfig.
[0120/204645.109:WARNING:dns_config_service_win.cc(668)] Failed to read DnsConfig.
[0120/204650.135:WARNING:dns_config_service_win.cc(668)] Failed to read DnsConfig.
[0120/204655.162:WARNING:dns_config_service_win.cc(668)] Failed to read DnsConfig.
[0120/204700.190:WARNING:dns_config_service_win.cc(668)] Failed to read DnsConfig.
[0120/204705.202:WARNING:dns_config_service_win.cc(668)] Failed to read DnsConfig.
[0120/204710.225:WARNING:dns_config_service_win.cc(668)] Failed to read DnsConfig.
[0120/204715.238:WARNING:dns_config_service_win.cc(668)] Failed to read DnsConfig.
[0120/204720.266:WARNING:dns_config_service_win.cc(668)] Failed to read DnsConfig.
[0120/204725.294:WARNING:dns_config_service_win.cc(668)] Failed to read DnsConfig.
[0120/204730.307:WARNING:dns_config_service_win.cc(668)] Failed to read DnsConfig.
[0120/204735.339:WARNING:dns_config_service_win.cc(668)] Failed to read DnsConfig.
[0120/204740.357:WARNING:dns_config_service_win.cc(668)] Failed to read DnsConfig.
[0120/204745.371:WARNING:dns_config_service_win.cc(668)] Failed to read DnsConfig.
[0120/204750.377:WARNING:dns_config_service_win.cc(668)] Failed to read DnsConfig.
[0120/204755.411:WARNING:dns_config_service_win.cc(668)] Failed to read DnsConfig.
[0120/204800.422:WARNING:dns_config_service_win.cc(668)] Failed to read DnsConfig.
[0120/204805.444:WARNING:dns_config_service_win.cc(668)] Failed to read DnsConfig.
[0120/204810.473:WARNING:dns_config_service_win.cc(668)] Failed to read DnsConfig.
[0120/204815.501:WARNING:dns_config_service_win.cc(668)] Failed to read DnsConfig.
[0120/204820.517:WARNING:dns_config_service_win.cc(668)] Failed to read DnsConfig.
[0120/204825.540:WARNING:dns_config_service_win.cc(668)] Failed to read DnsConfig.
[0120/204830.552:WARNING:dns_config_service_win.cc(668)] Failed to read DnsConfig.
[0120/204835.570:WARNING:dns_config_service_win.cc(668)] Failed to read DnsConfig.
[0120/204840.587:WARNING:dns_config_service_win.cc(668)] Failed to read DnsConfig.
[0120/204845.606:WARNING:dns_config_service_win.cc(668)] Failed to read DnsConfig.
[0120/204850.617:WARNING:dns_config_service_win.cc(668)] Failed to read DnsConfig.
[0120/204855.638:WARNING:dns_config_service_win.cc(668)] Failed to read DnsConfig.
[0120/204900.666:WARNING:dns_config_service_win.cc(668)] Failed to read DnsConfig.
[0120/204905.699:WARNING:dns_config_service_win.cc(668)] Failed to read DnsConfig.
[0120/204910.712:WARNING:dns_config_service_win.cc(668)] Failed to read DnsConfig.
[0120/204915.732:WARNING:dns_config_service_win.cc(668)] Failed to read DnsConfig.
[0120/204920.745:WARNING:dns_config_service_win.cc(668)] Failed to read DnsConfig.
[0120/204925.773:WARNING:dns_config_service_win.cc(668)] Failed to read DnsConfig.
[0120/204930.800:WARNING:dns_config_service_win.cc(668)] Failed to read DnsConfig.
[0120/204935.812:WARNING:dns_config_service_win.cc(668)] Failed to read DnsConfig.
[0120/204940.825:WARNING:dns_config_service_win.cc(668)] Failed to read DnsConfig.
[0120/204945.846:WARNING:dns_config_service_win.cc(668)] Failed to read DnsConfig.
[0120/204950.875:WARNING:dns_config_service_win.cc(668)] Failed to read DnsConfig.
[0120/204955.907:WARNING:dns_config_service_win.cc(668)] Failed to read DnsConfig.
[0120/205000.930:WARNING:dns_config_service_win.cc(668)] Failed to read DnsConfig.
[0120/205005.957:WARNING:dns_config_service_win.cc(668)] Failed to read DnsConfig.
[0120/205010.990:WARNING:dns_config_service_win.cc(668)] Failed to read DnsConfig.
[0120/205016.001:WARNING:dns_config_service_win.cc(668)] Failed to read DnsConfig.
[0120/205021.017:WARNING:dns_config_service_win.cc(668)] Failed to read DnsConfig.
[0120/205026.036:WARNING:dns_config_service_win.cc(668)] Failed to read DnsConfig.
[0120/205031.048:WARNING:dns_config_service_win.cc(668)] Failed to read DnsConfig.
[0120/205036.061:WARNING:dns_config_service_win.cc(668)] Failed to read DnsConfig.
[0120/205041.087:WARNING:dns_config_service_win.cc(668)] Failed to read DnsConfig.
[0120/205046.099:WARNING:dns_config_service_win.cc(668)] Failed to read DnsConfig.
[0120/205051.111:WARNING:dns_config_service_win.cc(668)] Failed to read DnsConfig.
[0120/205056.130:WARNING:dns_config_service_win.cc(668)] Failed to read DnsConfig.
[0120/205101.145:WARNING:dns_config_service_win.cc(668)] Failed to read DnsConfig.
[0120/205106.158:WARNING:dns_config_service_win.cc(668)] Failed to read DnsConfig.
[0120/205111.186:WARNING:dns_config_service_win.cc(668)] Failed to read DnsConfig.
[0120/205116.199:WARNING:dns_config_service_win.cc(668)] Failed to read DnsConfig.
[0120/205121.212:WARNING:dns_config_service_win.cc(668)] Failed to read DnsConfig.
[0120/205126.233:WARNING:dns_config_service_win.cc(668)] Failed to read DnsConfig.
[0120/205131.260:WARNING:dns_config_service_win.cc(668)] Failed to read DnsConfig.
[0120/205136.282:WARNING:dns_config_service_win.cc(668)] Failed to read DnsConfig.
[0120/205141.304:WARNING:dns_config_service_win.cc(668)] Failed to read DnsConfig.
[0120/205146.324:WARNING:dns_config_service_win.cc(668)] Failed to read DnsConfig.
[0120/205151.339:WARNING:dns_config_service_win.cc(668)] Failed to read DnsConfig.
[0120/205156.367:WARNING:dns_config_service_win.cc(668)] Failed to read DnsConfig.
[0120/205201.395:WARNING:dns_config_service_win.cc(668)] Failed to read DnsConfig.
[0120/205206.407:WARNING:dns_config_service_win.cc(668)] Failed to read DnsConfig.
[0120/205211.420:WARNING:dns_config_service_win.cc(668)] Failed to read DnsConfig.
[0120/205216.441:WARNING:dns_config_service_win.cc(668)] Failed to read DnsConfig.
[0120/205221.485:WARNING:dns_config_service_win.cc(668)] Failed to read DnsConfig.
[0120/205226.503:WARNING:dns_config_service_win.cc(668)] Failed to read DnsConfig.
[0120/205231.520:WARNING:dns_config_service_win.cc(668)] Failed to read DnsConfig.
[0120/205236.537:WARNING:dns_config_service_win.cc(668)] Failed to read DnsConfig.
[0120/205241.554:WARNING:dns_config_service_win.cc(668)] Failed to read DnsConfig.
[0120/205246.575:WARNING:dns_config_service_win.cc(668)] Failed to read DnsConfig.
[0120/205251.593:WARNING:dns_config_service_win.cc(668)] Failed to read DnsConfig.
[0120/205256.615:WARNING:dns_config_service_win.cc(668)] Failed to read DnsConfig.
[0120/205301.643:WARNING:dns_config_service_win.cc(668)] Failed to read DnsConfig.
[0120/205306.670:WARNING:dns_config_service_win.cc(668)] Failed to read DnsConfig.
[0120/205311.703:WARNING:dns_config_service_win.cc(668)] Failed to read DnsConfig.
[0120/205316.725:WARNING:dns_config_service_win.cc(668)] Failed to read DnsConfig.
[0120/205321.737:WARNING:dns_config_service_win.cc(668)] Failed to read DnsConfig.
[0120/205326.755:WARNING:dns_config_service_win.cc(668)] Failed to read DnsConfig.
[0120/205331.772:WARNING:dns_config_service_win.cc(668)] Failed to read DnsConfig.
[0120/205336.791:WARNING:dns_config_service_win.cc(668)] Failed to read DnsConfig.
[0120/205341.815:WARNING:dns_config_service_win.cc(668)] Failed to read DnsConfig.
[0120/205346.832:WARNING:dns_config_service_win.cc(668)] Failed to read DnsConfig.
[0120/205351.852:WARNING:dns_config_service_win.cc(668)] Failed to read DnsConfig.
[0120/205356.870:WARNING:dns_config_service_win.cc(668)] Failed to read DnsConfig.
[0120/205401.888:WARNING:dns_config_service_win.cc(668)] Failed to read DnsConfig.
[0120/205406.920:WARNING:dns_config_service_win.cc(668)] Failed to read DnsConfig.
[0120/205411.947:WARNING:dns_config_service_win.cc(668)] Failed to read DnsConfig.
[0120/205416.965:WARNING:dns_config_service_win.cc(668)] Failed to read DnsConfig.
[0120/205421.981:WARNING:dns_config_service_win.cc(668)] Failed to read DnsConfig.
[0120/205427.015:WARNING:dns_config_service_win.cc(668)] Failed to read DnsConfig.
[0120/205432.026:WARNING:dns_config_service_win.cc(668)] Failed to read DnsConfig.
[0120/205437.049:WARNING:dns_config_service_win.cc(668)] Failed to read DnsConfig.
[0120/205442.076:WARNING:dns_config_service_win.cc(668)] Failed to read DnsConfig.
[0120/205447.099:WARNING:dns_config_service_win.cc(668)] Failed to read DnsConfig.
[0120/205452.117:WARNING:dns_config_service_win.cc(668)] Failed to read DnsConfig.
[0120/205457.136:WARNING:dns_config_service_win.cc(668)] Failed to read DnsConfig.
[0120/205502.155:WARNING:dns_config_service_win.cc(668)] Failed to read DnsConfig.
[0120/205507.179:WARNING:dns_config_service_win.cc(668)] Failed to read DnsConfig.
[0120/205512.193:WARNING:dns_config_service_win.cc(668)] Failed to read DnsConfig.
[0120/205517.222:WARNING:dns_config_service_win.cc(668)] Failed to read DnsConfig.
[0120/205522.236:WARNING:dns_config_service_win.cc(668)] Failed to read DnsConfig.
[0120/205527.259:WARNING:dns_config_service_win.cc(668)] Failed to read DnsConfig.
[0120/205532.277:WARNING:dns_config_service_win.cc(668)] Failed to read DnsConfig.
[0120/205537.296:WARNING:dns_config_service_win.cc(668)] Failed to read DnsConfig.
[0120/205542.320:WARNING:dns_config_service_win.cc(668)] Failed to read DnsConfig.
[0120/205547.353:WARNING:dns_config_service_win.cc(668)] Failed to read DnsConfig.
[0120/205552.365:WARNING:dns_config_service_win.cc(668)] Failed to read DnsConfig.
[0120/205557.380:WARNING:dns_config_service_win.cc(668)] Failed to read DnsConfig.
[0120/205602.401:WARNING:dns_config_service_win.cc(668)] Failed to read DnsConfig.
[0120/205607.424:WARNING:dns_config_service_win.cc(668)] Failed to read DnsConfig.
[0120/205612.440:WARNING:dns_config_service_win.cc(668)] Failed to read DnsConfig.
[0120/205617.457:WARNING:dns_config_service_win.cc(668)] Failed to read DnsConfig.
[0120/205622.482:WARNING:dns_config_service_win.cc(668)] Failed to read DnsConfig.
[0120/205627.502:WARNING:dns_config_service_win.cc(668)] Failed to read DnsConfig.
[0120/205632.530:WARNING:dns_config_service_win.cc(668)] Failed to read DnsConfig.
[0120/205637.545:WARNING:dns_config_service_win.cc(668)] Failed to read DnsConfig.
[0120/205642.576:WARNING:dns_config_service_win.cc(668)] Failed to read DnsConfig.
[0120/205647.596:WARNING:dns_config_service_win.cc(668)] Failed to read DnsConfig.
[0120/205652.611:WARNING:dns_config_service_win.cc(668)] Failed to read DnsConfig.
[0120/205657.626:WARNING:dns_config_service_win.cc(668)] Failed to read DnsConfig.
[0120/205702.642:WARNING:dns_config_service_win.cc(668)] Failed to read DnsConfig.
[0120/205707.661:WARNING:dns_config_service_win.cc(668)] Failed to read DnsConfig.
[0120/205712.683:WARNING:dns_config_service_win.cc(668)] Failed to read DnsConfig.
[0120/205717.696:WARNING:dns_config_service_win.cc(668)] Failed to read DnsConfig.
[0120/205722.717:WARNING:dns_config_service_win.cc(668)] Failed to read DnsConfig.
[0120/205727.732:WARNING:dns_config_service_win.cc(668)] Failed to read DnsConfig.
[0120/205732.765:WARNING:dns_config_service_win.cc(668)] Failed to read DnsConfig.
[0120/205737.788:WARNING:dns_config_service_win.cc(668)] Failed to read DnsConfig.
[0120/205742.805:WARNING:dns_config_service_win.cc(668)] Failed to read DnsConfig.
[0120/205747.827:WARNING:dns_config_service_win.cc(668)] Failed to read DnsConfig.
[0120/205752.843:WARNING:dns_config_service_win.cc(668)] Failed to read DnsConfig.
[0120/205757.879:WARNING:dns_config_service_win.cc(668)] Failed to read DnsConfig.
[0120/205802.902:WARNING:dns_config_service_win.cc(668)] Failed to read DnsConfig.
[0120/205807.918:WARNING:dns_config_service_win.cc(668)] Failed to read DnsConfig.
[0120/211230.250:WARNING:dns_config_service_win.cc(668)] Failed to read DnsConfig.
[0120/211602.384:WARNING:dns_config_service_win.cc(668)] Failed to read DnsConfig.
[0120/214408.913:WARNING:dns_config_service_win.cc(668)] Failed to read DnsConfig.
[0120/214532.052:WARNING:dns_config_service_win.cc(668)] Failed to read DnsConfig.
[0121/192529.747:WARNING:dns_config_service_win.cc(668)] Failed to read DnsConfig.
[0121/192534.776:WARNING:dns_config_service_win.cc(668)] Failed to read DnsConfig.
[0121/192539.796:WARNING:dns_config_service_win.cc(668)] Failed to read DnsConfig.
[0121/192544.819:WARNING:dns_config_service_win.cc(668)] Failed to read DnsConfig.
[0121/192549.840:WARNING:dns_config_service_win.cc(668)] Failed to read DnsConfig.
[0121/192727.784:WARNING:dns_config_service_win.cc(668)] Failed to read DnsConfig.
[0121/193113.405:WARNING:dns_config_service_win.cc(668)] Failed to read DnsConfig.
[0121/193118.439:WARNING:dns_config_service_win.cc(668)] Failed to read DnsConfig.
[0121/193248.841:WARNING:dns_config_service_win.cc(668)] Failed to read DnsConfig.
[0121/193253.859:WARNING:dns_config_service_win.cc(668)] Failed to read DnsConfig.
[0121/193326.640:WARNING:dns_config_service_win.cc(668)] Failed to read DnsConfig.
[0121/193331.651:WARNING:dns_config_service_win.cc(668)] Failed to read DnsConfig.
[0121/193336.670:WARNING:dns_config_service_win.cc(668)] Failed to read DnsConfig.
[0121/193341.690:WARNING:dns_config_service_win.cc(668)] Failed to read DnsConfig.
[0121/193346.698:WARNING:dns_config_service_win.cc(668)] Failed to read DnsConfig.
[0121/193351.729:WARNING:dns_config_service_win.cc(668)] Failed to read DnsConfig.
[0121/193509.153:WARNING:dns_config_service_win.cc(668)] Failed to read DnsConfig.
[0121/193514.194:WARNING:dns_config_service_win.cc(668)] Failed to read DnsConfig.
[0121/193519.213:WARNING:dns_config_service_win.cc(668)] Failed to read DnsConfig.
[0121/194730.285:WARNING:dns_config_service_win.cc(668)] Failed to read DnsConfig.
[0121/194735.301:WARNING:dns_config_service_win.cc(668)] Failed to read DnsConfig.
[0121/194740.311:WARNING:dns_config_service_win.cc(668)] Failed to read DnsConfig.
[0121/195411.515:WARNING:dns_config_service_win.cc(668)] Failed to read DnsConfig.
[0121/200130.597:WARNING:dns_config_service_win.cc(668)] Failed to read DnsConfig.
[0121/200135.614:WARNING:dns_config_service_win.cc(668)] Failed to read DnsConfig.
[0121/200140.624:WARNING:dns_config_service_win.cc(668)] Failed to read DnsConfig.
[0121/200145.639:WARNING:dns_config_service_win.cc(668)] Failed to read DnsConfig.
[0121/200150.657:WARNING:dns_config_service_win.cc(668)] Failed to read DnsConfig.
[0121/200155.674:WARNING:dns_config_service_win.cc(668)] Failed to read DnsConfig.
[0121/200200.694:WARNING:dns_config_service_win.cc(668)] Failed to read DnsConfig.
[0121/200205.704:WARNING:dns_config_service_win.cc(668)] Failed to read DnsConfig.
[0121/200210.724:WARNING:dns_config_service_win.cc(668)] Failed to read DnsConfig.
[0121/200215.744:WARNING:dns_config_service_win.cc(668)] Failed to read DnsConfig.
[0121/200220.759:WARNING:dns_config_service_win.cc(668)] Failed to read DnsConfig.
[0121/200225.764:WARNING:dns_config_service_win.cc(668)] Failed to read DnsConfig.
[0121/200230.774:WARNING:dns_config_service_win.cc(668)] Failed to read DnsConfig.
[0121/200235.794:WARNING:dns_config_service_win.cc(668)] Failed to read DnsConfig.
[0121/200240.814:WARNING:dns_config_service_win.cc(668)] Failed to read DnsConfig.
[0121/200245.827:WARNING:dns_config_service_win.cc(668)] Failed to read DnsConfig.
[0121/200250.843:WARNING:dns_config_service_win.cc(668)] Failed to read DnsConfig.
[0121/200746.433:WARNING:dns_config_service_win.cc(668)] Failed to read DnsConfig.
[0121/200751.452:WARNING:dns_config_service_win.cc(668)] Failed to read DnsConfig.
[0121/200756.466:WARNING:dns_config_service_win.cc(668)] Failed to read DnsConfig.
[0121/200801.474:WARNING:dns_config_service_win.cc(668)] Failed to read DnsConfig.
[0121/220920.389:WARNING:dns_config_service_win.cc(668)] Failed to read DnsConfig.
[0121/223120.929:WARNING:dns_config_service_win.cc(668)] Failed to read DnsConfig.
[0121/223125.949:WARNING:dns_config_service_win.cc(668)] Failed to read DnsConfig.
[0121/223130.965:WARNING:dns_config_service_win.cc(668)] Failed to read DnsConfig.
[0121/223135.976:WARNING:dns_config_service_win.cc(668)] Failed to read DnsConfig.
[0121/223140.981:WARNING:dns_config_service_win.cc(668)] Failed to read DnsConfig.
[0121/223145.986:WARNING:dns_config_service_win.cc(668)] Failed to read DnsConfig.
[0121/223151.000:WARNING:dns_config_service_win.cc(668)] Failed to read DnsConfig.
[0121/223156.032:WARNING:dns_config_service_win.cc(668)] Failed to read DnsConfig.
[0121/223201.046:WARNING:dns_config_service_win.cc(668)] Failed to read DnsConfig.
[0121/223206.056:WARNING:dns_config_service_win.cc(668)] Failed to read DnsConfig.
[0121/223211.078:WARNING:dns_config_service_win.cc(668)] Failed to read DnsConfig.
[0121/223216.089:WARNING:dns_config_service_win.cc(668)] Failed to read DnsConfig.
[0121/223221.100:WARNING:dns_config_service_win.cc(668)] Failed to read DnsConfig.
[0121/223226.114:WARNING:dns_config_service_win.cc(668)] Failed to read DnsConfig.
[0121/223231.122:WARNING:dns_config_service_win.cc(668)] Failed to read DnsConfig.
[0121/223236.138:WARNING:dns_config_service_win.cc(668)] Failed to read DnsConfig.
[0121/223241.146:WARNING:dns_config_service_win.cc(668)] Failed to read DnsConfig.
[0121/223246.170:WARNING:dns_config_service_win.cc(668)] Failed to read DnsConfig.
[0121/223251.180:WARNING:dns_config_service_win.cc(668)] Failed to read DnsConfig.
[0122/150145.054:WARNING:dns_config_service_win.cc(668)] Failed to read DnsConfig.
[0122/150145.776:WARNING:dns_config_service_win.cc(668)] Failed to read DnsConfig.
[0122/150145.814:WARNING:dns_config_service_win.cc(668)] Failed to read DnsConfig.
[0122/150145.953:WARNING:dns_config_service_win.cc(668)] Failed to read DnsConfig.
[0122/150146.014:WARNING:dns_config_service_win.cc(668)] Failed to read DnsConfig.
[0122/174919.684:WARNING:dns_config_service_win.cc(668)] Failed to read DnsConfig.
[0122/174920.054:WARNING:dns_config_service_win.cc(668)] Failed to read DnsConfig.
[0122/174920.085:WARNING:dns_config_service_win.cc(668)] Failed to read DnsConfig.
[0122/181843.753:WARNING:dns_config_service_win.cc(668)] Failed to read DnsConfig.
[0122/181848.775:WARNING:dns_config_service_win.cc(668)] Failed to read DnsConfig.
[0122/181853.790:WARNING:dns_config_service_win.cc(668)] Failed to read DnsConfig.
[0122/182059.841:WARNING:dns_config_service_win.cc(668)] Failed to read DnsConfig.
[0122/182351.735:WARNING:dns_config_service_win.cc(668)] Failed to read DnsConfig.
[0122/182416.216:WARNING:dns_config_service_win.cc(668)] Failed to read DnsConfig.
[0122/183604.559:WARNING:dns_config_service_win.cc(668)] Failed to read DnsConfig.
[0122/195202.074:WARNING:dns_config_service_win.cc(668)] Failed to read DnsConfig.
[0122/195207.086:WARNING:dns_config_service_win.cc(668)] Failed to read DnsConfig.
